Log file open, 09/09/16 16:06:38
LogInit:Display: Running engine for game: SubEarthDebug
LogPlatformFile: Not using cached read wrapper
LogInit:Display: RandInit(1932385247) SRandInit(1932385247).
LogTaskGraph: Started task graph with 5 named threads and 8 total threads with 1 sets of task threads.
LogStats: Stats thread started at 0.068944
LogPluginManager: Loaded Plugin Paper2D, From C:/Program Files (x86)/Epic Games/4.13/Engine/Plugins/2D/Paper2D/Paper2D.uplugin
LogPluginManager: Loaded Plugin LightPropagationVolume, From C:/Program Files (x86)/Epic Games/4.13/Engine/Plugins/Blendables/LightPropagationVolume/LightPropagationVolume.uplugin
LogPluginManager: Loaded Plugin BlankPlugin, From C:/Program Files (x86)/Epic Games/4.13/Engine/Plugins/Developer/BlankPlugin/BlankPlugin.uplugin
LogPluginManager: Loaded Plugin CodeLiteSourceCodeAccess, From C:/Program Files (x86)/Epic Games/4.13/Engine/Plugins/Developer/CodeLiteSourceCodeAccess/CodeLiteSourceCodeAccess.uplugin
LogPluginManager: Loaded Plugin GitSourceControl, From C:/Program Files (x86)/Epic Games/4.13/Engine/Plugins/Developer/GitSourceControl/GitSourceControl.uplugin
LogPluginManager: Loaded Plugin KDevelopSourceCodeAccess, From C:/Program Files (x86)/Epic Games/4.13/Engine/Plugins/Developer/KDevelopSourceCodeAccess/KDevelopSourceCodeAccess.uplugin
LogPluginManager: Loaded Plugin NullSourceCodeAccess, From C:/Program Files (x86)/Epic Games/4.13/Engine/Plugins/Developer/NullSourceCodeAccess/NullSourceCodeAccess.uplugin
LogPluginManager: Loaded Plugin OneSkyLocalizationService, From C:/Program Files (x86)/Epic Games/4.13/Engine/Plugins/Developer/OneSkyLocalizationService/OneSkyLocalizationService.uplugin
LogPluginManager: Loaded Plugin PerforceSourceControl, From C:/Program Files (x86)/Epic Games/4.13/Engine/Plugins/Developer/PerforceSourceControl/PerforceSourceControl.uplugin
LogPluginManager: Loaded Plugin SubversionSourceControl, From C:/Program Files (x86)/Epic Games/4.13/Engine/Plugins/Developer/SubversionSourceControl/SubversionSourceControl.uplugin
LogPluginManager: Loaded Plugin UObjectPlugin, From C:/Program Files (x86)/Epic Games/4.13/Engine/Plugins/Developer/UObjectPlugin/UObjectPlugin.uplugin
LogPluginManager: Loaded Plugin VisualStudioSourceCodeAccess, From C:/Program Files (x86)/Epic Games/4.13/Engine/Plugins/Developer/VisualStudioSourceCodeAccess/VisualStudioSourceCodeAccess.uplugin
LogPluginManager: Loaded Plugin XCodeSourceCodeAccess, From C:/Program Files (x86)/Epic Games/4.13/Engine/Plugins/Developer/XCodeSourceCodeAccess/XCodeSourceCodeAccess.uplugin
LogPluginManager: Loaded Plugin EpicSurvey, From C:/Program Files (x86)/Epic Games/4.13/Engine/Plugins/Editor/EpicSurvey/EpicSurvey.uplugin
LogPluginManager: Loaded Plugin MacGraphicsSwitching, From C:/Program Files (x86)/Epic Games/4.13/Engine/Plugins/Editor/MacGraphicsSwitching/MacGraphicsSwitching.uplugin
LogPluginManager: Loaded Plugin MobileLauncherProfileWizard, From C:/Program Files (x86)/Epic Games/4.13/Engine/Plugins/Editor/MobileLauncherProfileWizard/MobileLauncherProfileWizard.uplugin
LogPluginManager: Loaded Plugin PluginBrowser, From C:/Program Files (x86)/Epic Games/4.13/Engine/Plugins/Editor/PluginBrowser/PluginBrowser.uplugin
LogPluginManager: Loaded Plugin SpeedTreeImporter, From C:/Program Files (x86)/Epic Games/4.13/Engine/Plugins/Editor/SpeedTreeImporter/SpeedTreeImporter.uplugin
LogPluginManager: Loaded Plugin SuperSearchEditor, From C:/Program Files (x86)/Epic Games/4.13/Engine/Plugins/Editor/SuperSearchEditor/SuperSearchEditor.uplugin
LogPluginManager: Loaded Plugin AlembicImporter, From C:/Program Files (x86)/Epic Games/4.13/Engine/Plugins/Experimental/AlembicImporter/AlembicImporter.uplugin
LogPluginManager: Loaded Plugin BlueprintStats, From C:/Program Files (x86)/Epic Games/4.13/Engine/Plugins/Experimental/BlueprintStats/BlueprintStats.uplugin
LogPluginManager: Loaded Plugin CharacterAI, From C:/Program Files (x86)/Epic Games/4.13/Engine/Plugins/Experimental/CharacterAI/CharacterAI.uplugin
LogPluginManager: Loaded Plugin CodeEditor, From C:/Program Files (x86)/Epic Games/4.13/Engine/Plugins/Experimental/CodeEditor/CodeEditor.uplugin
LogPluginManager: Loaded Plugin CodeView, From C:/Program Files (x86)/Epic Games/4.13/Engine/Plugins/Experimental/CodeView/CodeView.uplugin
LogPluginManager: Loaded Plugin HTML5Networking, From C:/Program Files (x86)/Epic Games/4.13/Engine/Plugins/Experimental/HTML5Networking/HTML5Networking.uplugin
LogPluginManager: Loaded Plugin LiveEditor, From C:/Program Files (x86)/Epic Games/4.13/Engine/Plugins/Experimental/LiveEditor/LiveEditor.uplugin
LogPluginManager: Loaded Plugin OSVR, From C:/Program Files (x86)/Epic Games/4.13/Engine/Plugins/Experimental/OSVR/OSVR.uplugin
LogPluginManager: Loaded Plugin Phya, From C:/Program Files (x86)/Epic Games/4.13/Engine/Plugins/Experimental/Phya/Phya.uplugin
LogPluginManager: Loaded Plugin SignificanceManager, From C:/Program Files (x86)/Epic Games/4.13/Engine/Plugins/Experimental/SignificanceManager/SignificanceManager.uplugin
LogPluginManager: Loaded Plugin SimpleHMD, From C:/Program Files (x86)/Epic Games/4.13/Engine/Plugins/Experimental/SimpleHMD/SimpleHMD.uplugin
LogPluginManager: Loaded Plugin StereoPanorama, From C:/Program Files (x86)/Epic Games/4.13/Engine/Plugins/Experimental/StereoPanorama/StereoPanorama.uplugin
LogPluginManager: Loaded Plugin StructBox, From C:/Program Files (x86)/Epic Games/4.13/Engine/Plugins/Experimental/StructBox/StructBox.uplugin
LogPluginManager: Loaded Plugin AndroidMedia, From C:/Program Files (x86)/Epic Games/4.13/Engine/Plugins/Media/AndroidMedia/AndroidMedia.uplugin
LogPluginManager: Loaded Plugin AvfMedia, From C:/Program Files (x86)/Epic Games/4.13/Engine/Plugins/Media/AvfMedia/AvfMedia.uplugin
LogPluginManager: Loaded Plugin MediaPlayerEditor, From C:/Program Files (x86)/Epic Games/4.13/Engine/Plugins/Media/MediaPlayerEditor/MediaPlayerEditor.uplugin
LogPluginManager: Loaded Plugin WmfMedia, From C:/Program Files (x86)/Epic Games/4.13/Engine/Plugins/Media/WmfMedia/WmfMedia.uplugin
LogPluginManager: Loaded Plugin MessagingDebugger, From C:/Program Files (x86)/Epic Games/4.13/Engine/Plugins/Messaging/MessagingDebugger/MessagingDebugger.uplugin
LogPluginManager: Loaded Plugin TcpMessaging, From C:/Program Files (x86)/Epic Games/4.13/Engine/Plugins/Messaging/TcpMessaging/TcpMessaging.uplugin
LogPluginManager: Loaded Plugin UdpMessaging, From C:/Program Files (x86)/Epic Games/4.13/Engine/Plugins/Messaging/UdpMessaging/UdpMessaging.uplugin
LogPluginManager: Loaded Plugin LevelSequenceEditor, From C:/Program Files (x86)/Epic Games/4.13/Engine/Plugins/MovieScene/LevelSequenceEditor/LevelSequenceEditor.uplugin
LogPluginManager: Loaded Plugin MatineeToLevelSequence, From C:/Program Files (x86)/Epic Games/4.13/Engine/Plugins/MovieScene/MatineeToLevelSequence/MatineeToLevelSequence.uplugin
LogPluginManager: Loaded Plugin NetcodeUnitTest, From C:/Program Files (x86)/Epic Games/4.13/Engine/Plugins/NetcodeUnitTest/NetcodeUnitTest/NetcodeUnitTest.uplugin
LogPluginManager: Loaded Plugin NUTUnrealEngine4, From C:/Program Files (x86)/Epic Games/4.13/Engine/Plugins/NetcodeUnitTest/NUTUnrealEngine4/NUTUnrealEngine4.uplugin
LogPluginManager: Loaded Plugin OnlineSubsystemGooglePlay, From C:/Program Files (x86)/Epic Games/4.13/Engine/Plugins/Online/Android/OnlineSubsystemGooglePlay/OnlineSubsystemGooglePlay.uplugin
LogPluginManager: Loaded Plugin OnlineSubsystemIOS, From C:/Program Files (x86)/Epic Games/4.13/Engine/Plugins/Online/IOS/OnlineSubsystemIOS/OnlineSubsystemIOS.uplugin
LogPluginManager: Loaded Plugin OnlineFramework, From C:/Program Files (x86)/Epic Games/4.13/Engine/Plugins/Online/OnlineFramework/OnlineFramework.uplugin
LogPluginManager: Loaded Plugin OnlineSubsystem, From C:/Program Files (x86)/Epic Games/4.13/Engine/Plugins/Online/OnlineSubsystem/OnlineSubsystem.uplugin
LogPluginManager: Loaded Plugin OnlineSubsystemAmazon, From C:/Program Files (x86)/Epic Games/4.13/Engine/Plugins/Online/OnlineSubsystemAmazon/OnlineSubsystemAmazon.uplugin
LogPluginManager: Loaded Plugin OnlineSubsystemFacebook, From C:/Program Files (x86)/Epic Games/4.13/Engine/Plugins/Online/OnlineSubsystemFacebook/OnlineSubsystemFacebook.uplugin
LogPluginManager: Loaded Plugin OnlineSubsystemNull, From C:/Program Files (x86)/Epic Games/4.13/Engine/Plugins/Online/OnlineSubsystemNull/OnlineSubsystemNull.uplugin
LogPluginManager: Loaded Plugin OnlineSubsystemOculus, From C:/Program Files (x86)/Epic Games/4.13/Engine/Plugins/Online/OnlineSubsystemOculus/OnlineSubsystemOculus.uplugin
LogPluginManager: Loaded Plugin OnlineSubsystemSteam, From C:/Program Files (x86)/Epic Games/4.13/Engine/Plugins/Online/OnlineSubsystemSteam/OnlineSubsystemSteam.uplugin
LogPluginManager: Loaded Plugin OnlineSubsystemUtils, From C:/Program Files (x86)/Epic Games/4.13/Engine/Plugins/Online/OnlineSubsystemUtils/OnlineSubsystemUtils.uplugin
LogPluginManager: Loaded Plugin IOSTapJoy, From C:/Program Files (x86)/Epic Games/4.13/Engine/Plugins/Runtime/Advertising/IOSTapJoy/IOSTapJoy.uplugin
LogPluginManager: Loaded Plugin AnalyticsBlueprintLibrary, From C:/Program Files (x86)/Epic Games/4.13/Engine/Plugins/Runtime/Analytics/AnalyticsBlueprintLibrary/AnalyticsBlueprintLibrary.uplugin
LogPluginManager: Loaded Plugin AnalyticsMulticast, From C:/Program Files (x86)/Epic Games/4.13/Engine/Plugins/Runtime/Analytics/AnalyticsMulticast/AnalyticsMulticast.uplugin
LogPluginManager: Loaded Plugin Apsalar, From C:/Program Files (x86)/Epic Games/4.13/Engine/Plugins/Runtime/Analytics/Apsalar/Apsalar.uplugin
LogPluginManager: Loaded Plugin FileLogging, From C:/Program Files (x86)/Epic Games/4.13/Engine/Plugins/Runtime/Analytics/FileLogging/FileLogging.uplugin
LogPluginManager: Loaded Plugin Flurry, From C:/Program Files (x86)/Epic Games/4.13/Engine/Plugins/Runtime/Analytics/Flurry/Flurry.uplugin
LogPluginManager: Loaded Plugin AndroidDeviceProfileSelector, From C:/Program Files (x86)/Epic Games/4.13/Engine/Plugins/Runtime/AndroidDeviceProfileSelector/AndroidDeviceProfileSelector.uplugin
LogPluginManager: Loaded Plugin AndroidMoviePlayer, From C:/Program Files (x86)/Epic Games/4.13/Engine/Plugins/Runtime/AndroidMoviePlayer/AndroidMoviePlayer.uplugin
LogPluginManager: Loaded Plugin AppleMoviePlayer, From C:/Program Files (x86)/Epic Games/4.13/Engine/Plugins/Runtime/AppleMoviePlayer/AppleMoviePlayer.uplugin
LogPluginManager: Loaded Plugin ArchVisCharacter, From C:/Program Files (x86)/Epic Games/4.13/Engine/Plugins/Runtime/ArchVisCharacter/ArchVisCharacter.uplugin
LogPluginManager: Loaded Plugin CableComponent, From C:/Program Files (x86)/Epic Games/4.13/Engine/Plugins/Runtime/CableComponent/CableComponent.uplugin
LogPluginManager: Loaded Plugin CustomMeshComponent, From C:/Program Files (x86)/Epic Games/4.13/Engine/Plugins/Runtime/CustomMeshComponent/CustomMeshComponent.uplugin
LogPluginManager: Loaded Plugin ExampleDeviceProfileSelector, From C:/Program Files (x86)/Epic Games/4.13/Engine/Plugins/Runtime/ExampleDeviceProfileSelector/ExampleDeviceProfileSelector.uplugin
LogPluginManager: Loaded Plugin GearVR, From C:/Program Files (x86)/Epic Games/4.13/Engine/Plugins/Runtime/GearVR/GearVR.uplugin
LogPluginManager: Loaded Plugin GoogleVRController, From C:/Program Files (x86)/Epic Games/4.13/Engine/Plugins/Runtime/GoogleVR/GoogleVRController/GoogleVRController.uplugin
LogPluginManager: Loaded Plugin GoogleVRHMD, From C:/Program Files (x86)/Epic Games/4.13/Engine/Plugins/Runtime/GoogleVR/GoogleVRHMD/GoogleVRHMD.uplugin
LogPluginManager: Loaded Plugin IOSDeviceProfileSelector, From C:/Program Files (x86)/Epic Games/4.13/Engine/Plugins/Runtime/IOSDeviceProfileSelector/IOSDeviceProfileSelector.uplugin
LogPluginManager: Loaded Plugin LeapMotion, From C:/Program Files (x86)/Epic Games/4.13/Engine/Plugins/Runtime/LeapMotion/LeapMotion.uplugin
LogPluginManager: Loaded Plugin LinuxDeviceProfileSelector, From C:/Program Files (x86)/Epic Games/4.13/Engine/Plugins/Runtime/LinuxDeviceProfileSelector/LinuxDeviceProfileSelector.uplugin
LogPluginManager: Loaded Plugin LiveEditorListenServer, From C:/Program Files (x86)/Epic Games/4.13/Engine/Plugins/Runtime/LiveEditorListenServer/LiveEditorListenServer.uplugin
LogPluginManager: Loaded Plugin OculusAudio, From C:/Program Files (x86)/Epic Games/4.13/Engine/Plugins/Runtime/OculusAudio/OculusAudio.uplugin
LogPluginManager: Loaded Plugin OculusInput, From C:/Program Files (x86)/Epic Games/4.13/Engine/Plugins/Runtime/OculusInput/OculusInput.uplugin
LogPluginManager: Loaded Plugin OculusLibrary, From C:/Program Files (x86)/Epic Games/4.13/Engine/Plugins/Runtime/OculusLibrary/OculusLibrary.uplugin
LogPluginManager: Loaded Plugin OculusRift, From C:/Program Files (x86)/Epic Games/4.13/Engine/Plugins/Runtime/OculusRift/OculusRift.uplugin
LogPluginManager: Loaded Plugin Oodle, From C:/Program Files (x86)/Epic Games/4.13/Engine/Plugins/Runtime/PacketHandlers/CompressionComponents/Oodle/Oodle.uplugin
LogPluginManager: Loaded Plugin ProceduralMeshComponent, From C:/Program Files (x86)/Epic Games/4.13/Engine/Plugins/Runtime/ProceduralMeshComponent/ProceduralMeshComponent.uplugin
LogPluginManager: Loaded Plugin SoundMod, From C:/Program Files (x86)/Epic Games/4.13/Engine/Plugins/Runtime/SoundMod/SoundMod.uplugin
LogPluginManager: Loaded Plugin SoundVisualizations, From C:/Program Files (x86)/Epic Games/4.13/Engine/Plugins/Runtime/SoundVisualizations/SoundVisualizations.uplugin
LogPluginManager: Loaded Plugin SteamController, From C:/Program Files (x86)/Epic Games/4.13/Engine/Plugins/Runtime/Steam/SteamController/SteamController.uplugin
LogPluginManager: Loaded Plugin SteamVR, From C:/Program Files (x86)/Epic Games/4.13/Engine/Plugins/Runtime/Steam/SteamVR/SteamVR.uplugin
LogPluginManager: Loaded Plugin WebBrowserWidget, From C:/Program Files (x86)/Epic Games/4.13/Engine/Plugins/Runtime/WebBrowserWidget/WebBrowserWidget.uplugin
LogPluginManager: Loaded Plugin WindowsDeviceProfileSelector, From C:/Program Files (x86)/Epic Games/4.13/Engine/Plugins/Runtime/WindowsDeviceProfileSelector/WindowsDeviceProfileSelector.uplugin
LogPluginManager: Loaded Plugin WindowsMoviePlayer, From C:/Program Files (x86)/Epic Games/4.13/Engine/Plugins/Runtime/WindowsMoviePlayer/WindowsMoviePlayer.uplugin
LogPluginManager: Loaded Plugin ScriptPlugin, From C:/Program Files (x86)/Epic Games/4.13/Engine/Plugins/ScriptPlugin/ScriptPlugin.uplugin
LogPluginManager: Loaded Plugin SlateRemote, From C:/Program Files (x86)/Epic Games/4.13/Engine/Plugins/Slate/SlateRemote/SlateRemote.uplugin
LogInit:Warning: Incompatible or missing module: UE4Editor-SubEarthDebug.dll
Running C:/Program Files (x86)/Epic Games/4.13/Engine/Binaries/DotNET/UnrealBuildTool.exe SubEarthDebug Development Win64 -project="C:/GitRepo/SubEarthDebug/SubEarthDebug/SubEarthDebug.uproject" -editorrecompile -progress -noubtmakefiles -NoHotReloadFromIDE
@progress push 5%
Parsing headers for SubEarthDebugEditor
  Running UnrealHeaderTool "C:\GitRepo\SubEarthDebug\SubEarthDebug\SubEarthDebug.uproject" "C:\GitRepo\SubEarthDebug\SubEarthDebug\Intermediate\Build\Win64\SubEarthDebugEditor\Development\SubEarthDebugEditor.uhtmanifest" -LogCmds="loginit warning, logexit warning, logdatabase error" -Unattended -WarningsAsErrors -installed
Reflection code generated for SubEarthDebugEditor in 2.5485341 seconds
@progress pop
Performing 10 actions (4 in parallel)
[2/10] Resource PCLaunch.rc
[3/10] Resource ModuleVersionResource.rc.inl
PCH.SubEarthDebug.h.cpp
SubEarthDebugHUD.cpp
SubEarthDebug.generated.cpp
SubEarthDebugCharacter.cpp
SubEarthDebugGameMode.cpp
SubEarthDebug.cpp
SubEarthDebugProjectile.cpp
[10/10] Link UE4Editor-SubEarthDebug.dll
   Creating library C:\GitRepo\SubEarthDebug\SubEarthDebug\Intermediate\Build\Win64\UE4Editor\Development\UE4Editor-SubEarthDebug.lib and object C:\GitRepo\SubEarthDebug\SubEarthDebug\Intermediate\Build\Win64\UE4Editor\Development\UE4Editor-SubEarthDebug.exp
Failed to write dependency cache: Could not find a part of the path 'P:\GitRepo\SubEarthDebug\SubEarthDebug\Intermediate\Build\Win64\SubEarthDebugEditor'.
Total build time: 29.10 seconds
LogInit: Using libcurl 7.47.1
LogInit:  - built for x86_64-pc-win32
LogInit:  - supports SSL with WinSSL
LogInit:  - other features:
LogInit:      CURL_VERSION_SSL
LogInit:      CURL_VERSION_IPV6
LogInit:      CURL_VERSION_ASYNCHDNS
LogInit:      CURL_VERSION_LARGEFILE
LogInit:      CURL_VERSION_IDN
LogInit:  CurlRequestOptions (configurable via config and command line):
LogInit:  - bVerifyPeer = false  - Libcurl will NOT verify peer certificate
LogInit:  - bUseHttpProxy = false  - Libcurl will NOT use HTTP proxy
LogInit:  - bDontReuseConnections = false  - Libcurl will reuse connections
LogInit:  - CertBundlePath = nullptr  - Libcurl will use whatever was configured at build time.
LogInit: Build: ++UE4+Release-4.13-CL-3106830
LogInit: Engine Version: 4.13.0-3106830+++UE4+Release-4.13
LogInit: Compatible Engine Version: 4.13.0-3106830+++UE4+Release-4.13
LogInit: Net CL: 3106830
LogDevObjectVersion: Number of dev versions registered: 13
LogDevObjectVersion:   Dev-Blueprints (B0D832E4-1F89-4F0D-ACCF-7EB736FD4AA2): 5
LogDevObjectVersion:   Dev-Build (E1C64328-A22C-4D53-A36C-8E866417BD8C): 0
LogDevObjectVersion:   Dev-Core (375EC13C-06E4-48FB-B500-84F0262A717E): 1
LogDevObjectVersion:   Dev-Editor (E4B068ED-F494-42E9-A231-DA0B2E46BB41): 6
LogDevObjectVersion:   Dev-Framework (CFFC743F-43B0-4480-9391-14DF171D2073): 12
LogDevObjectVersion:   Dev-Mobile (B02B49B5-BB20-44E9-A304-32B752E40360): 0
LogDevObjectVersion:   Dev-Networking (A4E4105C-59A1-49B5-A7C5-40C4547EDFEE): 0
LogDevObjectVersion:   Dev-Online (39C831C9-5AE6-47DC-9A44-9C173E1C8E7C): 0
LogDevObjectVersion:   Dev-Physics (78F01B33-EBEA-4F98-B9B4-84EACCB95AA2): 0
LogDevObjectVersion:   Dev-Platform (6631380F-2D4D-43E0-8009-CF276956A95A): 0
LogDevObjectVersion:   Dev-Rendering (12F88B9F-8875-4AFC-A67C-D90C383ABD29): 4
LogDevObjectVersion:   Dev-Sequencer (7B5AE74C-D270-4C10-A958-57980B212A5A): 0
LogDevObjectVersion:   Dev-VR (D7296918-1DD6-4BDD-9DE2-64A83CC13884): 0
LogInit: Compiled (64-bit): Aug 30 2016 18:11:39
LogInit: Compiled with Visual C++: 19.00.23026.00
LogInit: Build Configuration: Development
LogInit: Branch Name: ++UE4+Release-4.13
LogInit: Command line: -EpicPortal 
LogInit: Base directory: C:/Program Files (x86)/Epic Games/4.13/Engine/Binaries/Win64/
LogInit: Installed Engine Build: 1
LogInit: Presizing for max 8388607 objects, including 0 objects not considered by GC, pre-allocating 0 bytes for permanent pool.
LogInit: Object subsystem initialized
[2016.09.09-23.07.15:838][  0]LogInit: Selected Device Profile: [Windows]
[2016.09.09-23.07.15:838][  0]LogInit: Applying CVar settings loaded from the selected device profile: [Windows]
[2016.09.09-23.07.15:845][  0]LogInit: Computer: DESKTOP-CKBV81A
[2016.09.09-23.07.15:845][  0]LogInit: User: gamep
[2016.09.09-23.07.15:845][  0]LogInit: CPU Page size=65536, Cores=4
[2016.09.09-23.07.15:845][  0]LogInit: High frequency timer resolution =3.914059 MHz
[2016.09.09-23.07.15:846][  0]LogMemory: Memory total: Physical=23.9GB (24GB approx)
[2016.09.09-23.07.15:846][  0]LogMemory: Platform Memory Stats for Windows
[2016.09.09-23.07.15:846][  0]LogMemory: Process Physical Memory: 259.00 MB used, 259.00 MB peak
[2016.09.09-23.07.15:846][  0]LogMemory: Process Virtual Memory: 260.32 MB used, 260.32 MB peak
[2016.09.09-23.07.15:846][  0]LogMemory: Physical Memory: 5110.91 MB used, 24511.54 MB total
[2016.09.09-23.07.15:846][  0]LogMemory: Virtual Memory: 659.20 MB used, 134217728.00 MB total
[2016.09.09-23.07.15:869][  0]LogTextLocalizationManager: No specific translations for ('en-US') exist, so ('en') translations will be used.
[2016.09.09-23.07.16:287][  0]LogD3D11RHI: D3D11 adapters:
[2016.09.09-23.07.16:305][  0]LogD3D11RHI:    0. 'NVIDIA GeForce GTX 980 Ti' (Feature Level 11_0)
[2016.09.09-23.07.16:305][  0]LogD3D11RHI:       6103/0/12255 MB DedicatedVideo/DedicatedSystem/SharedSystem, Outputs:2, VendorId:0x10de
[2016.09.09-23.07.16:306][  0]LogD3D11RHI:    1. 'Microsoft Basic Render Driver' (Feature Level 11_0)
[2016.09.09-23.07.16:306][  0]LogD3D11RHI:       0/0/12255 MB DedicatedVideo/DedicatedSystem/SharedSystem, Outputs:0, VendorId:0x1414
[2016.09.09-23.07.16:306][  0]LogD3D11RHI: Chosen D3D11 Adapter: 0
[2016.09.09-23.07.16:310][  0]LogD3D11RHI: Creating new Direct3DDevice
[2016.09.09-23.07.16:310][  0]LogD3D11RHI:     GPU DeviceId: 0x17c8 (for the marketing name, search the web for "GPU Device Id")
[2016.09.09-23.07.16:310][  0]LogWindows: EnumDisplayDevices:
[2016.09.09-23.07.16:310][  0]LogWindows:    0. 'NVIDIA GeForce GTX 980 Ti' (P:0 D:1)
[2016.09.09-23.07.16:310][  0]LogWindows:    1. 'NVIDIA GeForce GTX 980 Ti' (P:1 D:1)
[2016.09.09-23.07.16:310][  0]LogWindows:    2. 'NVIDIA GeForce GTX 980 Ti' (P:0 D:0)
[2016.09.09-23.07.16:310][  0]LogWindows:    3. 'NVIDIA GeForce GTX 980 Ti' (P:0 D:0)
[2016.09.09-23.07.16:311][  0]LogWindows: DebugString: FoundDriverCount:4 
[2016.09.09-23.07.16:311][  0]LogD3D11RHI:     Adapter Name: NVIDIA GeForce GTX 980 Ti
[2016.09.09-23.07.16:311][  0]LogD3D11RHI:   Driver Version: 372.70 (internal:21.21.13.7270, unified:372.70)
[2016.09.09-23.07.16:311][  0]LogD3D11RHI:      Driver Date: 8-25-2016
[2016.09.09-23.07.16:311][  0]LogRHI: Texture pool is 1361 MB (70% of 1945 MB)
[2016.09.09-23.07.16:320][  0]LogD3D11RHI: Async texture creation enabled
[2016.09.09-23.07.16:334][  0]LogD3D11RHI: GPU Timing Frequency: 1000.000000 (Debug: 2 2)
[2016.09.09-23.07.16:334][  0]LogShaderCompilers: Guid format shader working directory is -7 characters bigger than the processId version (../../../../../../GitRepo/SubEarthDebug/SubEarthDebug/Intermediate/Shaders/WorkingDirectory/6296/).
[2016.09.09-23.07.16:335][  0]LogShaderCompilers: Cleaned the shader compiler working directory 'C:/Users/gamep/AppData/Local/Temp/UnrealShaderWorkingDir/3177DA5142F88FFA7089CFA44F66B888/'.
[2016.09.09-23.07.16:335][  0]LogShaderCompilers:Display: Using Local Shader Compiler.
[2016.09.09-23.07.17:054][  0]LogTemp:Display: Loaded TP AllDesktopTargetPlatform
[2016.09.09-23.07.17:060][  0]LogTemp:Display: Loaded TP WindowsClientTargetPlatform
[2016.09.09-23.07.17:067][  0]LogTemp:Display: Loaded TP WindowsNoEditorTargetPlatform
[2016.09.09-23.07.17:073][  0]LogTemp:Display: Loaded TP WindowsServerTargetPlatform
[2016.09.09-23.07.17:080][  0]LogTemp:Display: Loaded TP WindowsTargetPlatform
[2016.09.09-23.07.17:085][  0]LogTemp:Display: Loaded TP AndroidTargetPlatform
[2016.09.09-23.07.17:091][  0]LogTemp:Display: Loaded TP Android_ASTCTargetPlatform
[2016.09.09-23.07.17:096][  0]LogTemp:Display: Loaded TP Android_ATCTargetPlatform
[2016.09.09-23.07.17:101][  0]LogTemp:Display: Loaded TP Android_DXTTargetPlatform
[2016.09.09-23.07.17:106][  0]LogTemp:Display: Loaded TP Android_ETC1TargetPlatform
[2016.09.09-23.07.17:111][  0]LogTemp:Display: Loaded TP Android_ETC2TargetPlatform
[2016.09.09-23.07.17:121][  0]LogTemp:Display: Loaded TP Android_MultiTargetPlatform
[2016.09.09-23.07.17:121][  0]LogTemp:Display: Loaded TP Android_PVRTCTargetPlatform
[2016.09.09-23.07.17:122][  0]LogTemp:Display: Loaded TP HTML5TargetPlatform
[2016.09.09-23.07.17:140][  0]LogTemp:Display: Loaded TP IOSTargetPlatform
[2016.09.09-23.07.17:145][  0]LogTemp:Display: Loaded TP TVOSTargetPlatform
[2016.09.09-23.07.17:150][  0]LogTemp:Display: Loaded TP LinuxClientTargetPlatform
[2016.09.09-23.07.17:154][  0]LogTemp:Display: Loaded TP LinuxNoEditorTargetPlatform
[2016.09.09-23.07.17:159][  0]LogTemp:Display: Loaded TP LinuxServerTargetPlatform
[2016.09.09-23.07.17:165][  0]LogTemp:Display: Loaded TP LinuxTargetPlatform
[2016.09.09-23.07.17:165][  0]LogTargetPlatformManager:Display: Building Assets For Windows
[2016.09.09-23.07.17:228][  0]LogDerivedDataCache:Display: Max Cache Size: 512 MB
[2016.09.09-23.07.17:273][  0]LogDerivedDataCache: Loaded boot cache 0.05s 64MB C:/Users/gamep/AppData/Local/UnrealEngine/4.13/DerivedDataCache/Boot.ddc.
[2016.09.09-23.07.17:273][  0]LogDerivedDataCache:Display: Loaded Boot cache: C:/Users/gamep/AppData/Local/UnrealEngine/4.13/DerivedDataCache/Boot.ddc
[2016.09.09-23.07.17:273][  0]LogDerivedDataCache: FDerivedDataBackendGraph:  Pak pak cache file ../../../../../../GitRepo/SubEarthDebug/SubEarthDebug/DerivedDataCache/DDC.ddp not found, will not use a pak cache.
[2016.09.09-23.07.17:273][  0]LogDerivedDataCache: Unable to find inner node Pak for hierarchical cache Hierarchy.
[2016.09.09-23.07.17:273][  0]LogDerivedDataCache: FDerivedDataBackendGraph:  CompressedPak pak cache file ../../../../../../GitRepo/SubEarthDebug/SubEarthDebug/DerivedDataCache/Compressed.ddp not found, will not use a pak cache.
[2016.09.09-23.07.17:273][  0]LogDerivedDataCache: Unable to find inner node CompressedPak for hierarchical cache Hierarchy.
[2016.09.09-23.07.17:287][  0]LogDerivedDataCache:Display: Pak cache opened for reading ../../../Engine/DerivedDataCache/Compressed.ddp.
[2016.09.09-23.07.17:298][  0]LogDerivedDataCache: Using Local data cache path C:/Users/gamep/AppData/Local/UnrealEngine/Common/DerivedDataCache: Writable
[2016.09.09-23.07.17:440][  0]LogInit: Selected Device Profile: [Windows]
[2016.09.09-23.07.17:443][  0]LogContentStreaming: Texture pool size is 0.00 MB
[2016.09.09-23.07.17:511][  0]LogMeshUtilities: No automatic mesh reduction module available
[2016.09.09-23.07.17:511][  0]LogMeshUtilities: No automatic mesh merging module available
[2016.09.09-23.07.17:511][  0]LogMeshUtilities: No distributed automatic mesh merging module available
[2016.09.09-23.07.17:559][  0]LogMaterial: Uniform references updated for custom material expression Custom.
[2016.09.09-23.07.17:760][  0]LogNetVersion: GetLocalNetworkVersion: CL: 3106830, ProjectName: subearthdebug, ProjectVersion: , EngineNetworkVersion: 1, GameNetworkVersion: 0, NetworkChecksum: 804307868
[2016.09.09-23.07.17:792][  0]LogAssetRegistry: FAssetRegistry took 0.0211 seconds to start up
[2016.09.09-23.07.17:814][  0]LogPackageLocalizationCache: Processed 3 localized package path(s) for 2 prioritized culture(s) in 0.019806 seconds
[2016.09.09-23.07.17:818][  0]LogUObjectArray: 29777 objects as part of root set at end of initial load.
[2016.09.09-23.07.17:818][  0]LogUObjectAllocator: 6124704 out of 0 bytes used by permanent object pool.
[2016.09.09-23.07.17:818][  0]LogUObjectArray: CloseDisregardForGC: 0/0 objects in disregard for GC pool
[2016.09.09-23.07.17:825][  0]LogInit: WinSock: version 1.1 (2.2), MaxSocks=32767, MaxUdp=65467
[2016.09.09-23.07.17:980][  0]LogSlate: SlateFontCache - WITH_FREETYPE: 1, WITH_HARFBUZZ: 1
[2016.09.09-23.07.17:980][  0]LogSlate: SlateFontCache - WITH_FREETYPE: 1, WITH_HARFBUZZ: 1
[2016.09.09-23.07.18:474][  0]LogUdpMessaging: Initializing bridge on interface 0.0.0.0:0 to multicast group 230.0.0.1:6666.
[2016.09.09-23.07.19:130][  0]SourceControl: Info Source control is disabled
[2016.09.09-23.07.19:131][  0]SourceControl: Info Source control is disabled
[2016.09.09-23.07.19:138][  0]SourceControl: Info Source control is disabled
[2016.09.09-23.07.19:145][  0]SourceControl: Info Source control is disabled
[2016.09.09-23.07.19:388][  0]LogEngine: Initializing Engine...
[2016.09.09-23.07.19:404][  0]LogHMD: SteamVR initialized.  Driver: lighthouse  Display: LHR-E85C4DA3
[2016.09.09-23.07.19:510][  0]LogAIModule: Creating AISystem for world Untitled
[2016.09.09-23.07.19:517][  0]LogInit: XAudio2 using 'Speakers (USB Audio Device)' : 2 channels at 44.1 kHz using 16 bits per sample (channel mask 0x3)
[2016.09.09-23.07.19:524][  0]LogInit: FAudioDevice initialized.
[2016.09.09-23.07.19:547][  0]LogDerivedDataCache: Saved boot cache 0.02s 64MB C:/Users/gamep/AppData/Local/UnrealEngine/4.13/DerivedDataCache/Boot.ddc.
[2016.09.09-23.07.19:552][  0]LogInit: Texture streaming: Enabled
[2016.09.09-23.07.19:575][  0]LogInit: Transaction tracking system initialized
[2016.09.09-23.07.19:596][  0]BlueprintLog: New page: Editor Load
[2016.09.09-23.07.19:754][  0]LocalizationService: Info Localization service is disabled
[2016.09.09-23.07.19:821][  0]LogConsoleResponse:Display: 
[2016.09.09-23.07.19:903][  0]LogCook:Display: Max memory allowance for cook 16384mb min free memory 0mb
[2016.09.09-23.07.19:903][  0]LogCook:Display: Mobile HDR setting 0
[2016.09.09-23.07.20:037][  0]LogFileCache: Scanning file cache for directory 'C:/GitRepo/SubEarthDebug/SubEarthDebug/Content/' took 0.01s
[2016.09.09-23.07.20:037][  0]SourceControl: Info Source control is disabled
[2016.09.09-23.07.20:037][  0]Cmd: MAP LOAD FILE="../../../../../../GitRepo/SubEarthDebug/SubEarthDebug/Content/FirstPersonCPP/Maps/FirstPersonExampleMap.umap" TEMPLATE=0 SHOWPROGRESS=1 FEATURELEVEL=3
[2016.09.09-23.07.20:037][  0]LightingResults: New page: Lighting Build
[2016.09.09-23.07.20:039][  0]MapCheck: New page: Map Check
[2016.09.09-23.07.20:039][  0]LightingResults: New page: Lighting Build
[2016.09.09-23.07.20:564][  0]LogAIModule: Creating AISystem for world FirstPersonExampleMap
[2016.09.09-23.07.20:569][  0]LogEditorServer: Finished looking for orphan Actors (0.000 secs)
[2016.09.09-23.07.20:569][  0]Cmd: MAP CHECKDEP NOCLEARLOG
[2016.09.09-23.07.20:603][  0]MapCheck: Info Map check complete: 0 Error(s), 0 Warning(s), took 33.182ms to complete.
[2016.09.09-23.07.20:603][  0]LogFileHelpers: Loading map 'FirstPersonExampleMap' took 0.566
[2016.09.09-23.07.20:776][  0]LogCollectionManager: Loaded 0 collections in 0.001604 seconds
[2016.09.09-23.07.20:819][  0]LogFileCache: Scanning file cache for directory 'C:/GitRepo/SubEarthDebug/SubEarthDebug/Saved/Collections/' took 0.01s
[2016.09.09-23.07.20:819][  0]LogFileCache: Scanning file cache for directory 'C:/GitRepo/SubEarthDebug/SubEarthDebug/Content/Developers/gamep/Collections/' took 0.01s
[2016.09.09-23.07.20:819][  0]LogFileCache: Scanning file cache for directory 'C:/GitRepo/SubEarthDebug/SubEarthDebug/Content/Collections/' took 0.01s
[2016.09.09-23.07.20:819][  0]LogCollectionManager: Rebuilt the GUID cache for 0 collections in 0.000002 seconds
[2016.09.09-23.07.20:825][  0]LogContentBrowser: Native class hierarchy populated in 0.0067 seconds. Added 2145 classes and 417 folders.
[2016.09.09-23.07.20:829][  0]LogStats: UGameplayTagsManager::ConstructGameplayTagTree: Construct from data asset -  0.000 s
[2016.09.09-23.07.20:829][  0]LogStats: UGameplayTagsManager::ConstructGameplayTagTree: GameplayTagTreeChangedEvent.Broadcast -  0.000 s
[2016.09.09-23.07.20:830][  0]LogContentBrowser: Native class hierarchy updated for 'GameplayTags' in 0.0015 seconds. Added 12 classes and 0 folders.
[2016.09.09-23.07.20:835][  0]LogContentBrowser: Native class hierarchy updated for 'WidgetCarousel' in 0.0010 seconds. Added 0 classes and 0 folders.
[2016.09.09-23.07.21:786][  0]LogContentBrowser: Native class hierarchy updated for 'AddContentDialog' in 0.0010 seconds. Added 0 classes and 0 folders.
[2016.09.09-23.07.21:790][  0]LogContentBrowser: Native class hierarchy updated for 'SceneOutliner' in 0.0010 seconds. Added 1 classes and 2 folders.
[2016.09.09-23.07.21:837][  0]LogCrashTracker: Crashtracker disabled due to settings.
[2016.09.09-23.07.21:863][  0]LogUObjectGlobals:Warning: Failed to find object 'Class None.'
[2016.09.09-23.07.21:889][  0]LogContentBrowser: Native class hierarchy updated for 'HierarchicalLODOutliner' in 0.0011 seconds. Added 1 classes and 2 folders.
[2016.09.09-23.07.21:889][  0]LogLoad: (Engine Initialization) Total time: 44.58 seconds
[2016.09.09-23.07.21:889][  0]LogLoad: (Engine Initialization) Total Blueprint compile time: 0.06 seconds
[2016.09.09-23.07.21:889][  0]LogExternalProfiler: Found external profiler: VSPerf
[2016.09.09-23.07.21:889][  0]LogExternalProfiler: Using external profiler: VSPerf
[2016.09.09-23.07.21:899][  0]LogOcInput: OculusInput pre-init called
[2016.09.09-23.07.21:913][  0]LogContentStreaming: Texture pool size now 1000 MB
[2016.09.09-23.07.22:166][  0]LogRenderer: Reallocating scene render targets to support 520x456 (Frame:2).
[2016.09.09-23.07.31:493][292]LogAssetRegistry: Asset discovery search completed in 13.7221 seconds
[2016.09.09-23.07.31:493][292]LogCollectionManager: Rebuilt the object cache for 0 collections in 0.000000 seconds (found 0 objects)
[2016.09.09-23.07.31:493][292]LogCollectionManager: Fixed up redirectors for 0 collections in 0.000018 seconds (updated 0 objects)
[2016.09.09-23.13.51:330][847]LogRenderer: Reallocating scene render targets to support 536x456 (Frame:708).
[2016.09.09-23.13.51:364][848]LogRenderer: Reallocating scene render targets to support 556x456 (Frame:710).
[2016.09.09-23.13.51:396][849]LogRenderer: Reallocating scene render targets to support 580x456 (Frame:712).
[2016.09.09-23.13.51:429][850]LogRenderer: Reallocating scene render targets to support 612x456 (Frame:714).
[2016.09.09-23.13.51:462][851]LogRenderer: Reallocating scene render targets to support 632x456 (Frame:716).
[2016.09.09-23.13.51:494][852]LogRenderer: Reallocating scene render targets to support 640x456 (Frame:718).
[2016.09.09-23.13.51:527][853]LogRenderer: Reallocating scene render targets to support 652x456 (Frame:720).
[2016.09.09-23.13.51:558][854]LogRenderer: Reallocating scene render targets to support 664x456 (Frame:722).
[2016.09.09-23.13.51:590][855]LogRenderer: Reallocating scene render targets to support 672x456 (Frame:724).
[2016.09.09-23.13.53:885][122]LogRenderer: Reallocating scene render targets to support 676x456 (Frame:952).
[2016.09.09-23.13.53:918][123]LogRenderer: Reallocating scene render targets to support 684x456 (Frame:954).
[2016.09.09-23.13.53:950][124]LogRenderer: Reallocating scene render targets to support 688x456 (Frame:956).
[2016.09.09-23.13.53:981][125]LogRenderer: Reallocating scene render targets to support 692x456 (Frame:958).
[2016.09.09-23.13.54:013][126]LogRenderer: Reallocating scene render targets to support 696x456 (Frame:960).
[2016.09.09-23.13.54:077][128]LogRenderer: Reallocating scene render targets to support 700x456 (Frame:964).
[2016.09.09-23.13.54:142][130]LogRenderer: Reallocating scene render targets to support 704x456 (Frame:968).
[2016.09.09-23.13.54:174][131]LogRenderer: Reallocating scene render targets to support 708x456 (Frame:970).
[2016.09.09-23.13.54:240][133]LogRenderer: Reallocating scene render targets to support 712x456 (Frame:974).
[2016.09.09-23.13.54:272][134]LogRenderer: Reallocating scene render targets to support 716x456 (Frame:976).
[2016.09.09-23.13.54:845][194]LogRenderer: Reallocating scene render targets to support 720x456 (Frame:982).
[2016.09.09-23.13.54:940][197]LogRenderer: Reallocating scene render targets to support 724x456 (Frame:988).
[2016.09.09-23.13.55:005][199]LogRenderer: Reallocating scene render targets to support 728x456 (Frame:992).
[2016.09.09-23.13.55:036][200]LogRenderer: Reallocating scene render targets to support 732x456 (Frame:994).
[2016.09.09-23.13.55:102][202]LogRenderer: Reallocating scene render targets to support 736x456 (Frame:998).
[2016.09.09-23.13.55:165][204]LogRenderer: Reallocating scene render targets to support 740x456 (Frame:1002).
[2016.09.09-23.13.55:229][206]LogRenderer: Reallocating scene render targets to support 744x456 (Frame:1006).
[2016.09.09-23.13.55:260][207]LogRenderer: Reallocating scene render targets to support 748x456 (Frame:1008).
[2016.09.09-23.13.55:294][208]LogRenderer: Reallocating scene render targets to support 752x456 (Frame:1010).
[2016.09.09-23.13.55:359][210]LogRenderer: Reallocating scene render targets to support 756x456 (Frame:1014).
[2016.09.09-23.13.55:474][218]LogRenderer: Reallocating scene render targets to support 760x456 (Frame:1018).
[2016.09.09-23.13.55:506][219]LogRenderer: Reallocating scene render targets to support 764x456 (Frame:1020).
[2016.09.09-23.13.57:755][466]LogRenderer: Reallocating scene render targets to support 768x456 (Frame:1229).
[2016.09.09-23.13.57:786][467]LogRenderer: Reallocating scene render targets to support 788x456 (Frame:1231).
[2016.09.09-23.13.57:819][468]LogRenderer: Reallocating scene render targets to support 804x456 (Frame:1233).
[2016.09.09-23.13.57:851][469]LogRenderer: Reallocating scene render targets to support 812x456 (Frame:1235).
[2016.09.09-23.13.57:883][470]LogRenderer: Reallocating scene render targets to support 828x456 (Frame:1237).
[2016.09.09-23.13.57:914][471]LogRenderer: Reallocating scene render targets to support 852x456 (Frame:1239).
[2016.09.09-23.13.57:946][472]LogRenderer: Reallocating scene render targets to support 868x456 (Frame:1241).
[2016.09.09-23.13.57:978][473]LogRenderer: Reallocating scene render targets to support 884x456 (Frame:1243).
[2016.09.09-23.13.58:010][474]LogRenderer: Reallocating scene render targets to support 912x456 (Frame:1245).
[2016.09.09-23.13.58:044][475]LogRenderer: Reallocating scene render targets to support 936x456 (Frame:1247).
[2016.09.09-23.13.58:078][476]LogRenderer: Reallocating scene render targets to support 944x456 (Frame:1249).
[2016.09.09-23.13.58:111][477]LogRenderer: Reallocating scene render targets to support 956x456 (Frame:1251).
[2016.09.09-23.13.58:144][478]LogRenderer: Reallocating scene render targets to support 960x456 (Frame:1253).
[2016.09.09-23.13.58:239][484]LogRenderer: Reallocating scene render targets to support 964x456 (Frame:1257).
[2016.09.09-23.13.58:303][486]LogRenderer: Reallocating scene render targets to support 968x456 (Frame:1261).
[2016.09.09-23.13.58:335][487]LogRenderer: Reallocating scene render targets to support 972x456 (Frame:1263).
[2016.09.09-23.13.58:404][489]LogRenderer: Reallocating scene render targets to support 976x456 (Frame:1267).
[2016.09.09-23.13.58:435][490]LogRenderer: Reallocating scene render targets to support 984x456 (Frame:1269).
[2016.09.09-23.13.58:506][493]LogRenderer: Reallocating scene render targets to support 988x456 (Frame:1273).
[2016.09.09-23.13.58:571][495]LogRenderer: Reallocating scene render targets to support 992x456 (Frame:1277).
[2016.09.09-23.13.58:673][499]LogRenderer: Reallocating scene render targets to support 996x456 (Frame:1283).
[2016.09.09-23.13.58:705][500]LogRenderer: Reallocating scene render targets to support 1000x456 (Frame:1285).
[2016.09.09-23.13.58:770][502]LogRenderer: Reallocating scene render targets to support 1004x456 (Frame:1289).
[2016.09.09-23.13.59:278][557]LogRenderer: Reallocating scene render targets to support 1008x456 (Frame:1293).
[2016.09.09-23.13.59:343][559]LogRenderer: Reallocating scene render targets to support 1012x456 (Frame:1297).
[2016.09.09-23.14.00:353][677]LogRenderer: Reallocating scene render targets to support 1012x460 (Frame:1407).
[2016.09.09-23.14.00:385][678]LogRenderer: Reallocating scene render targets to support 1012x468 (Frame:1409).
[2016.09.09-23.14.00:417][679]LogRenderer: Reallocating scene render targets to support 1012x472 (Frame:1411).
[2016.09.09-23.14.00:450][680]LogRenderer: Reallocating scene render targets to support 1012x480 (Frame:1413).
[2016.09.09-23.14.00:483][681]LogRenderer: Reallocating scene render targets to support 1012x488 (Frame:1415).
[2016.09.09-23.14.00:515][682]LogRenderer: Reallocating scene render targets to support 1012x492 (Frame:1417).
[2016.09.09-23.14.00:547][683]LogRenderer: Reallocating scene render targets to support 1012x500 (Frame:1419).
[2016.09.09-23.14.00:580][684]LogRenderer: Reallocating scene render targets to support 1012x504 (Frame:1421).
[2016.09.09-23.14.00:611][685]LogRenderer: Reallocating scene render targets to support 1012x508 (Frame:1423).
[2016.09.09-23.14.00:675][690]LogRenderer: Reallocating scene render targets to support 1012x512 (Frame:1425).
[2016.09.09-23.14.00:706][691]LogRenderer: Reallocating scene render targets to support 1012x516 (Frame:1427).
[2016.09.09-23.14.00:773][693]LogRenderer: Reallocating scene render targets to support 1012x520 (Frame:1431).
[2016.09.09-23.14.11:779][989]LogBlueprintUserMessages: Early PlayInEditor Detection: Level '/Game/FirstPersonCPP/Maps/FirstPersonExampleMap.FirstPersonExampleMap:PersistentLevel' has LevelScriptBlueprint '/Game/FirstPersonCPP/Maps/FirstPersonExampleMap.FirstPersonExampleMap:PersistentLevel.FirstPersonExampleMap' with GeneratedClass '/Game/FirstPersonCPP/Maps/FirstPersonExampleMap.FirstPersonExampleMap_C' with ClassGeneratedBy '/Game/FirstPersonCPP/Maps/FirstPersonExampleMap.FirstPersonExampleMap:PersistentLevel.FirstPersonExampleMap'
[2016.09.09-23.14.11:779][989]LogPlayLevel: PlayLevel: No blueprints needed recompiling
[2016.09.09-23.14.11:800][989]PIE: New page: PIE session: FirstPersonExampleMap (Sep 9, 2016, 8:14:11 AM)
[2016.09.09-23.14.11:800][989]LogPlayLevel: Creating play world package: /Game/FirstPersonCPP/Maps/UEDPIE_0_FirstPersonExampleMap
[2016.09.09-23.14.11:819][989]LogPlayLevel: PIE: StaticDuplicateObject took: (0.018749s)
[2016.09.09-23.14.11:820][989]LogAIModule: Creating AISystem for world FirstPersonExampleMap
[2016.09.09-23.14.11:820][989]LogPlayLevel: PIE: World Init took: (0.001021s)
[2016.09.09-23.14.11:820][989]LogPlayLevel: PIE: Created PIE world by copying editor world from /Game/FirstPersonCPP/Maps/FirstPersonExampleMap.FirstPersonExampleMap to /Game/FirstPersonCPP/Maps/UEDPIE_0_FirstPersonExampleMap.FirstPersonExampleMap (0.020063s)
[2016.09.09-23.14.11:835][989]LogInit: XAudio2 using 'Speakers (USB Audio Device)' : 2 channels at 44.1 kHz using 16 bits per sample (channel mask 0x3)
[2016.09.09-23.14.11:840][989]LogInit: FAudioDevice initialized.
[2016.09.09-23.14.11:935][989]LogWorld: Game class is 'SubEarthDebugGameMode'
[2016.09.09-23.14.11:939][989]LogWorld: Bringing World /Game/FirstPersonCPP/Maps/UEDPIE_0_FirstPersonExampleMap.FirstPersonExampleMap up for play (max tick rate 0) at 2016.09.09-16.14.11
[2016.09.09-23.14.11:939][989]LogWorld: Bringing up level for play took: 0.003276
[2016.09.09-23.14.11:943][989]LogContentBrowser: Native class hierarchy updated for 'MovieSceneCapture' in 0.0011 seconds. Added 11 classes and 0 folders.
[2016.09.09-23.14.11:944][989]LogGameMode:Display: Match State Changed from EnteringMap to WaitingToStart
[2016.09.09-23.14.11:944][989]LogGameState: Match State Changed from EnteringMap to WaitingToStart
[2016.09.09-23.14.11:944][989]LogGameMode:Display: Match State Changed from WaitingToStart to InProgress
[2016.09.09-23.14.11:944][989]LogGameState: Match State Changed from WaitingToStart to InProgress
[2016.09.09-23.14.11:947][989]PIE: Info Play in editor start time for /Game/FirstPersonCPP/Maps/UEDPIE_0_FirstPersonExampleMap 0.906
[2016.09.09-23.14.11:947][989]LogBlueprintUserMessages: Late PlayInEditor Detection: Level '/Game/FirstPersonCPP/Maps/FirstPersonExampleMap.FirstPersonExampleMap:PersistentLevel' has LevelScriptBlueprint '/Game/FirstPersonCPP/Maps/FirstPersonExampleMap.FirstPersonExampleMap:PersistentLevel.FirstPersonExampleMap' with GeneratedClass '/Game/FirstPersonCPP/Maps/FirstPersonExampleMap.FirstPersonExampleMap_C' with ClassGeneratedBy '/Game/FirstPersonCPP/Maps/FirstPersonExampleMap.FirstPersonExampleMap:PersistentLevel.FirstPersonExampleMap'
[2016.09.09-23.14.12:001][990]LogRenderer: Reallocating scene render targets to support 3024x1680 (Frame:2355).
[2016.09.09-23.14.28:485][457]LogBlueprintUserMessages: Early EndPlayMap Detection: Level '/Game/FirstPersonCPP/Maps/FirstPersonExampleMap.FirstPersonExampleMap:PersistentLevel' has LevelScriptBlueprint '/Game/FirstPersonCPP/Maps/FirstPersonExampleMap.FirstPersonExampleMap:PersistentLevel.FirstPersonExampleMap' with GeneratedClass '/Game/FirstPersonCPP/Maps/FirstPersonExampleMap.FirstPersonExampleMap_C' with ClassGeneratedBy '/Game/FirstPersonCPP/Maps/FirstPersonExampleMap.FirstPersonExampleMap:PersistentLevel.FirstPersonExampleMap'
[2016.09.09-23.14.28:581][457]LogBlueprintUserMessages: Late EndPlayMap Detection: Level '/Game/FirstPersonCPP/Maps/FirstPersonExampleMap.FirstPersonExampleMap:PersistentLevel' has LevelScriptBlueprint '/Game/FirstPersonCPP/Maps/FirstPersonExampleMap.FirstPersonExampleMap:PersistentLevel.FirstPersonExampleMap' with GeneratedClass '/Game/FirstPersonCPP/Maps/FirstPersonExampleMap.FirstPersonExampleMap_C' with ClassGeneratedBy '/Game/FirstPersonCPP/Maps/FirstPersonExampleMap.FirstPersonExampleMap:PersistentLevel.FirstPersonExampleMap'
[2016.09.09-23.18.53:244][678]SourceControl: Info Source control is disabled
[2016.09.09-23.22.25:299][947]SourceControl: Info Source control is disabled
[2016.09.09-23.22.26:694][ 92]Cmd: QUIT_EDITOR
[2016.09.09-23.22.27:119][ 92]LogWindowsTextInputMethodSystem:Display: IME system now deactivated.
[2016.09.09-23.22.27:137][ 92]LogExit: Preparing to exit.
[2016.09.09-23.22.27:831][ 92]LogDirectoryWatcher: A directory notification for 'C:/GitRepo/SubEarthDebug/SubEarthDebug/Content/' was aborted.
[2016.09.09-23.22.27:842][ 92]LogExit: Editor shut down
[2016.09.09-23.22.27:842][ 92]LogExit: Transaction tracking system shut down
[2016.09.09-23.22.27:926][ 92]LogObj: Freed 0b from 0 cluster array pools.
[2016.09.09-23.22.27:926][ 92]LogExit: Object subsystem successfully closed.
[2016.09.09-23.22.27:938][ 92]LogD3D11RHI: Shutdown
[2016.09.09-23.22.27:938][ 92]LogD3D11RHI: CleanupD3DDevice
[2016.09.09-23.22.27:939][ 92]LogD3D11RHI: ~FD3D11DynamicRHI
[2016.09.09-23.22.27:950][ 92]LogModuleManager: Shutting down and abandoning module MovieSceneCapture (236)
[2016.09.09-23.22.27:950][ 92]LogModuleManager: Shutting down and abandoning module HierarchicalLODOutliner (235)
[2016.09.09-23.22.27:950][ 92]LogModuleManager: Shutting down and abandoning module ExternalImagePicker (234)
[2016.09.09-23.22.27:950][ 92]LogModuleManager: Shutting down and abandoning module CrashTracker (233)
[2016.09.09-23.22.27:950][ 92]LogModuleManager: Shutting down and abandoning module SceneOutliner (232)
[2016.09.09-23.22.27:950][ 92]LogModuleManager: Shutting down and abandoning module WidgetCarousel (231)
[2016.09.09-23.22.27:950][ 92]LogModuleManager: Shutting down and abandoning module AddContentDialog (230)
[2016.09.09-23.22.27:950][ 92]LogDirectoryWatcher: A directory notification for 'C:/Program Files (x86)/Epic Games/4.13/FeaturePacks/' was aborted.
[2016.09.09-23.22.27:951][ 92]LogModuleManager: Shutting down and abandoning module GameplayTags (229)
[2016.09.09-23.22.27:951][ 92]LogModuleManager: Shutting down and abandoning module EditorWidgets (228)
[2016.09.09-23.22.27:951][ 92]LogModuleManager: Shutting down and abandoning module CollectionManager (227)
[2016.09.09-23.22.27:951][ 92]LogDirectoryWatcher: A directory notification for 'C:/GitRepo/SubEarthDebug/SubEarthDebug/Content/Collections/' was aborted.
[2016.09.09-23.22.27:951][ 92]LogDirectoryWatcher: A directory notification for 'C:/GitRepo/SubEarthDebug/SubEarthDebug/Content/Developers/gamep/Collections/' was aborted.
[2016.09.09-23.22.27:951][ 92]LogDirectoryWatcher: A directory notification for 'C:/GitRepo/SubEarthDebug/SubEarthDebug/Saved/Collections/' was aborted.
[2016.09.09-23.22.27:951][ 92]LogModuleManager: Shutting down and abandoning module StatsViewer (226)
[2016.09.09-23.22.27:951][ 92]LogModuleManager: Shutting down and abandoning module FoliageEdit (225)
[2016.09.09-23.22.27:951][ 92]LogModuleManager: Shutting down and abandoning module LandscapeEditor (224)
[2016.09.09-23.22.27:951][ 92]LogModuleManager: Shutting down and abandoning module SceneDepthPickerMode (223)
[2016.09.09-23.22.27:951][ 92]LogModuleManager: Shutting down and abandoning module ActorPickerMode (222)
[2016.09.09-23.22.27:951][ 92]LogModuleManager: Shutting down and abandoning module GeometryMode (221)
[2016.09.09-23.22.27:951][ 92]LogModuleManager: Shutting down and abandoning module TextureAlignMode (220)
[2016.09.09-23.22.27:951][ 92]LogModuleManager: Shutting down and abandoning module BspMode (219)
[2016.09.09-23.22.27:951][ 92]LogModuleManager: Shutting down and abandoning module HardwareSurvey (218)
[2016.09.09-23.22.27:951][ 92]LogModuleManager: Shutting down and abandoning module SequenceRecorderSections (217)
[2016.09.09-23.22.27:951][ 92]LogModuleManager: Shutting down and abandoning module SequenceRecorder (216)
[2016.09.09-23.22.27:951][ 92]LogModuleManager: Shutting down and abandoning module AutomationWorker (215)
[2016.09.09-23.22.27:951][ 92]LogModuleManager: Shutting down and abandoning module MatineeToLevelSequence (214)
[2016.09.09-23.22.27:951][ 92]LogModuleManager: Shutting down and abandoning module PlacementMode (213)
[2016.09.09-23.22.27:951][ 92]LogModuleManager: Shutting down and abandoning module LevelSequenceEditor (212)
[2016.09.09-23.22.27:951][ 92]LogModuleManager: Shutting down and abandoning module WmfMediaFactory (211)
[2016.09.09-23.22.27:951][ 92]LogModuleManager: Shutting down and abandoning module WmfMediaEditor (210)
[2016.09.09-23.22.27:951][ 92]LogModuleManager: Shutting down and abandoning module AvfMediaFactory (209)
[2016.09.09-23.22.27:951][ 92]LogModuleManager: Shutting down and abandoning module AvfMediaEditor (208)
[2016.09.09-23.22.27:951][ 92]LogModuleManager: Shutting down and abandoning module Media (207)
[2016.09.09-23.22.27:951][ 92]LogModuleManager: Shutting down and abandoning module AndroidMediaFactory (206)
[2016.09.09-23.22.27:951][ 92]LogModuleManager: Shutting down and abandoning module AndroidMediaEditor (205)
[2016.09.09-23.22.27:951][ 92]LogModuleManager: Shutting down and abandoning module CharacterAI (204)
[2016.09.09-23.22.27:951][ 92]LogModuleManager: Shutting down and abandoning module SmartSnapping (203)
[2016.09.09-23.22.27:951][ 92]LogModuleManager: Shutting down and abandoning module SessionServices (202)
[2016.09.09-23.22.27:951][ 92]LogModuleManager: Shutting down and abandoning module ViewportSnapping (201)
[2016.09.09-23.22.27:951][ 92]LogModuleManager: Shutting down and abandoning module ViewportInteraction (200)
[2016.09.09-23.22.27:951][ 92]LogModuleManager: Shutting down and abandoning module LogVisualizer (199)
[2016.09.09-23.22.27:951][ 92]LogModuleManager: Shutting down and abandoning module GameProjectGeneration (198)
[2016.09.09-23.22.27:951][ 92]LogModuleManager: Shutting down and abandoning module IntroTutorials (197)
[2016.09.09-23.22.27:951][ 92]LogModuleManager: Shutting down and abandoning module EditorLiveStreaming (196)
[2016.09.09-23.22.27:951][ 92]LogModuleManager: Shutting down and abandoning module IOSPlatformEditor (195)
[2016.09.09-23.22.27:951][ 92]LogModuleManager: Shutting down and abandoning module HTML5PlatformEditor (194)
[2016.09.09-23.22.27:951][ 92]LogModuleManager: Shutting down and abandoning module AndroidDeviceDetection (193)
[2016.09.09-23.22.28:097][ 92]LogModuleManager: Shutting down and abandoning module AndroidPlatformEditor (192)
[2016.09.09-23.22.28:097][ 92]LogModuleManager: Shutting down and abandoning module IOSRuntimeSettings (191)
[2016.09.09-23.22.28:097][ 92]LogModuleManager: Shutting down and abandoning module AndroidRuntimeSettings (190)
[2016.09.09-23.22.28:097][ 92]LogModuleManager: Shutting down and abandoning module NiagaraEditor (189)
[2016.09.09-23.22.28:097][ 92]LogModuleManager: Shutting down and abandoning module MergeActors (188)
[2016.09.09-23.22.28:097][ 92]LogModuleManager: Shutting down and abandoning module SizeMap (187)
[2016.09.09-23.22.28:097][ 92]LogModuleManager: Shutting down and abandoning module TreeMap (186)
[2016.09.09-23.22.28:097][ 92]LogModuleManager: Shutting down and abandoning module ReferenceViewer (185)
[2016.09.09-23.22.28:097][ 92]LogModuleManager: Shutting down and abandoning module LocalizationService (184)
[2016.09.09-23.22.28:097][ 92]LogModuleManager: Shutting down and abandoning module LocalizationDashboard (183)
[2016.09.09-23.22.28:097][ 92]LogModuleManager: Shutting down and abandoning module HardwareTargeting (182)
[2016.09.09-23.22.28:097][ 92]LogModuleManager: Shutting down and abandoning module DeviceProfileEditor (181)
[2016.09.09-23.22.28:097][ 92]LogModuleManager: Shutting down and abandoning module UndoHistory (180)
[2016.09.09-23.22.28:097][ 92]LogModuleManager: Shutting down and abandoning module UserFeedback (179)
[2016.09.09-23.22.28:097][ 92]LogModuleManager: Shutting down and abandoning module XmlParser (178)
[2016.09.09-23.22.28:097][ 92]LogModuleManager: Shutting down and abandoning module Blutility (177)
[2016.09.09-23.22.28:097][ 92]LogModuleManager: Shutting down and abandoning module ProjectTargetPlatformEditor (176)
[2016.09.09-23.22.28:097][ 92]LogModuleManager: Shutting down and abandoning module ProjectSettingsViewer (175)
[2016.09.09-23.22.28:097][ 92]LogModuleManager: Shutting down and abandoning module InputBindingEditor (174)
[2016.09.09-23.22.28:097][ 92]LogModuleManager: Shutting down and abandoning module EditorSettingsViewer (173)
[2016.09.09-23.22.28:097][ 92]LogModuleManager: Shutting down and abandoning module SettingsEditor (172)
[2016.09.09-23.22.28:098][ 92]LogModuleManager: Shutting down and abandoning module ProjectLauncher (171)
[2016.09.09-23.22.28:098][ 92]LogModuleManager: Shutting down and abandoning module SessionFrontend (170)
[2016.09.09-23.22.28:098][ 92]LogModuleManager: Shutting down and abandoning module ProfilerClient (169)
[2016.09.09-23.22.28:098][ 92]LogModuleManager: Shutting down and abandoning module TargetDeviceServices (168)
[2016.09.09-23.22.28:098][ 92]LogModuleManager: Shutting down and abandoning module DeviceManager (167)
[2016.09.09-23.22.28:140][ 92]LogModuleManager: Shutting down and abandoning module AutomationController (166)
[2016.09.09-23.22.28:140][ 92]LogModuleManager: Shutting down and abandoning module AutomationWindow (165)
[2016.09.09-23.22.28:140][ 92]LogModuleManager: Shutting down and abandoning module Layers (164)
[2016.09.09-23.22.28:140][ 92]LogModuleManager: Shutting down and abandoning module ComponentVisualizers (163)
[2016.09.09-23.22.28:140][ 92]LogModuleManager: Shutting down and abandoning module DetailCustomizations (162)
[2016.09.09-23.22.28:140][ 92]LogModuleManager: Shutting down and abandoning module PackagesDialog (161)
[2016.09.09-23.22.28:140][ 92]LogModuleManager: Shutting down and abandoning module AnimGraph (160)
[2016.09.09-23.22.28:140][ 92]LogModuleManager: Shutting down and abandoning module Persona (159)
[2016.09.09-23.22.28:140][ 92]LogModuleManager: Shutting down and abandoning module Kismet (158)
[2016.09.09-23.22.28:140][ 92]LogModuleManager: Shutting down and abandoning module GraphEditor (157)
[2016.09.09-23.22.28:140][ 92]LogModuleManager: Shutting down and abandoning module ClassViewer (156)
[2016.09.09-23.22.28:140][ 92]LogModuleManager: Shutting down and abandoning module Toolbox (155)
[2016.09.09-23.22.28:140][ 92]LogModuleManager: Shutting down and abandoning module ModuleUI (154)
[2016.09.09-23.22.28:140][ 92]LogModuleManager: Shutting down and abandoning module MovieSceneTools (153)
[2016.09.09-23.22.28:140][ 92]LogModuleManager: Shutting down and abandoning module OutputLog (152)
[2016.09.09-23.22.28:140][ 92]LogModuleManager: Shutting down and abandoning module GammaUI (151)
[2016.09.09-23.22.28:140][ 92]LogModuleManager: Shutting down and abandoning module Documentation (150)
[2016.09.09-23.22.28:140][ 92]LogModuleManager: Shutting down and abandoning module Niagara (149)
[2016.09.09-23.22.28:140][ 92]LogModuleManager: Shutting down and abandoning module StreamingPauseRendering (148)
[2016.09.09-23.22.28:140][ 92]LogModuleManager: Shutting down and abandoning module AnalyticsET (147)
[2016.09.09-23.22.28:140][ 92]LogModuleManager: Shutting down and abandoning module PortalServices (146)
[2016.09.09-23.22.28:140][ 92]LogModuleManager: Shutting down and abandoning module PortalRpc (145)
[2016.09.09-23.22.28:140][ 92]LogModuleManager: Shutting down and abandoning module MessagingRpc (144)
[2016.09.09-23.22.28:140][ 92]LogModuleManager: Shutting down and abandoning module GameplayDebugger (143)
[2016.09.09-23.22.28:140][ 92]LogModuleManager: Shutting down and abandoning module AITestSuite (142)
[2016.09.09-23.22.28:140][ 92]LogModuleManager: Shutting down and abandoning module AIModule (141)
[2016.09.09-23.22.28:140][ 92]LogModuleManager: Shutting down and abandoning module ProfilerService (140)
[2016.09.09-23.22.28:340][ 92]LogModuleManager: Shutting down and abandoning module TaskGraph (139)
[2016.09.09-23.22.28:340][ 92]LogModuleManager: Shutting down and abandoning module SlateRemote (138)
[2016.09.09-23.22.28:341][ 92]LogModuleManager: Shutting down and abandoning module SteamVRController (137)
[2016.09.09-23.22.28:341][ 92]LogModuleManager: Shutting down and abandoning module SteamVR (136)
[2016.09.09-23.22.28:341][ 92]LogModuleManager: Shutting down and abandoning module ProceduralMeshComponentEditor (135)
[2016.09.09-23.22.28:341][ 92]LogModuleManager: Shutting down and abandoning module ProceduralMeshComponent (134)
[2016.09.09-23.22.28:341][ 92]LogModuleManager: Shutting down and abandoning module OculusLibrary (133)
[2016.09.09-23.22.28:341][ 92]LogModuleManager: Shutting down and abandoning module OculusInput (132)
[2016.09.09-23.22.28:341][ 92]LogModuleManager: Shutting down and abandoning module CustomMeshComponent (131)
[2016.09.09-23.22.28:341][ 92]LogModuleManager: Shutting down and abandoning module CableComponent (130)
[2016.09.09-23.22.28:341][ 92]LogModuleManager: Shutting down and abandoning module ArchVisCharacter (129)
[2016.09.09-23.22.28:341][ 92]LogModuleManager: Shutting down and abandoning module MediaPlayerEditor (127)
[2016.09.09-23.22.28:341][ 92]LogModuleManager: Shutting down and abandoning module HTML5Networking (126)
[2016.09.09-23.22.28:341][ 92]LogModuleManager: Shutting down and abandoning module GeometryCacheEd (125)
[2016.09.09-23.22.28:341][ 92]LogModuleManager: Shutting down and abandoning module GeometryCache (124)
[2016.09.09-23.22.28:341][ 92]LogModuleManager: Shutting down and abandoning module AlembicLibrary (123)
[2016.09.09-23.22.28:341][ 92]LogModuleManager: Shutting down and abandoning module AlembicImporter (122)
[2016.09.09-23.22.28:341][ 92]LogModuleManager: Shutting down and abandoning module SuperSearch (121)
[2016.09.09-23.22.28:341][ 92]LogModuleManager: Shutting down and abandoning module SuperSearchEditor (120)
[2016.09.09-23.22.28:341][ 92]LogModuleManager: Shutting down and abandoning module SpeedTreeImporter (119)
[2016.09.09-23.22.28:341][ 92]LogModuleManager: Shutting down and abandoning module PluginBrowser (118)
[2016.09.09-23.22.28:341][ 92]LogModuleManager: Shutting down and abandoning module MobileLauncherProfileWizard (117)
[2016.09.09-23.22.28:341][ 92]LogModuleManager: Shutting down and abandoning module EpicSurvey (116)
[2016.09.09-23.22.28:341][ 92]LogModuleManager: Shutting down and abandoning module VisualStudioSourceCodeAccess (115)
[2016.09.09-23.22.28:341][ 92]LogModuleManager: Shutting down and abandoning module UObjectPlugin (114)
[2016.09.09-23.22.28:341][ 92]LogModuleManager: Shutting down and abandoning module SubversionSourceControl (113)
[2016.09.09-23.22.28:341][ 92]LogModuleManager: Shutting down and abandoning module PerforceSourceControl (112)
[2016.09.09-23.22.28:341][ 92]LogModuleManager: Shutting down and abandoning module SourceControl (111)
[2016.09.09-23.22.28:341][ 92]LogModuleManager: Shutting down and abandoning module GitSourceControl (110)
[2016.09.09-23.22.28:341][ 92]LogModuleManager: Shutting down and abandoning module LightPropagationVolumeEditor (109)
[2016.09.09-23.22.28:341][ 92]LogModuleManager: Shutting down and abandoning module PaperTiledImporter (108)
[2016.09.09-23.22.28:341][ 92]LogModuleManager: Shutting down and abandoning module PaperSpriteSheetImporter (107)
[2016.09.09-23.22.28:341][ 92]LogModuleManager: Shutting down and abandoning module MeshPaint (106)
[2016.09.09-23.22.28:341][ 92]LogModuleManager: Shutting down and abandoning module FbxAutomationBuilderModule (105)
[2016.09.09-23.22.28:341][ 92]LogModuleManager: Shutting down and abandoning module PixelInspectorModule (104)
[2016.09.09-23.22.28:341][ 92]LogModuleManager: Shutting down and abandoning module HotReload (103)
[2016.09.09-23.22.28:341][ 92]LogDirectoryWatcher: A directory notification for 'C:/GitRepo/SubEarthDebug/SubEarthDebug/Binaries/Win64' was aborted.
[2016.09.09-23.22.28:341][ 92]LogModuleManager: Shutting down and abandoning module MainFrame (102)
[2016.09.09-23.22.28:341][ 92]LogModuleManager: Shutting down and abandoning module LevelEditor (101)
[2016.09.09-23.22.28:341][ 92]LogModuleManager: Shutting down and abandoning module ContentBrowser (100)
[2016.09.09-23.22.28:342][ 92]LogModuleManager: Shutting down and abandoning module Paper2DEditor (99)
[2016.09.09-23.22.28:342][ 92]LogModuleManager: Shutting down and abandoning module SubEarthDebug (98)
[2016.09.09-23.22.28:342][ 92]LogModuleManager: Shutting down and abandoning module UdpMessaging (97)
[2016.09.09-23.22.28:443][ 92]LogModuleManager: Shutting down and abandoning module TcpMessaging (96)
[2016.09.09-23.22.28:443][ 92]LogModuleManager: Shutting down and abandoning module LightPropagationVolumeRuntime (95)
[2016.09.09-23.22.28:443][ 92]LogModuleManager: Shutting down and abandoning module Paper2D (94)
[2016.09.09-23.22.28:443][ 92]LogModuleManager: Shutting down and abandoning module WindowsMoviePlayer (93)
[2016.09.09-23.22.28:443][ 92]LogModuleManager: Shutting down and abandoning module WmfMedia (92)
[2016.09.09-23.22.28:443][ 92]LogModuleManager: Shutting down and abandoning module MediaAssets (91)
[2016.09.09-23.22.28:443][ 92]LogModuleManager: Shutting down and abandoning module GameLiveStreaming (90)
[2016.09.09-23.22.28:443][ 92]LogModuleManager: Shutting down and abandoning module GameplayTagsEditor (89)
[2016.09.09-23.22.28:443][ 92]LogModuleManager: Shutting down and abandoning module VREditor (88)
[2016.09.09-23.22.28:443][ 92]LogModuleManager: Shutting down and abandoning module GameplayTasksEditor (87)
[2016.09.09-23.22.28:443][ 92]LogModuleManager: Shutting down and abandoning module PropertyEditor (86)
[2016.09.09-23.22.28:443][ 92]LogModuleManager: Shutting down and abandoning module BehaviorTreeEditor (85)
[2016.09.09-23.22.28:443][ 92]LogModuleManager: Shutting down and abandoning module FunctionalTesting (84)
[2016.09.09-23.22.28:443][ 92]LogModuleManager: Shutting down and abandoning module CollisionAnalyzer (83)
[2016.09.09-23.22.28:443][ 92]LogModuleManager: Shutting down and abandoning module Sequencer (82)
[2016.09.09-23.22.28:443][ 92]LogModuleManager: Shutting down and abandoning module WorkspaceMenuStructure (81)
[2016.09.09-23.22.28:443][ 92]LogModuleManager: Shutting down and abandoning module MessageLog (80)
[2016.09.09-23.22.28:443][ 92]LogModuleManager: Shutting down and abandoning module AssetTools (79)
[2016.09.09-23.22.28:443][ 92]LogModuleManager: Shutting down and abandoning module UMGEditor (78)
[2016.09.09-23.22.28:443][ 92]LogModuleManager: Shutting down and abandoning module UMG (77)
[2016.09.09-23.22.28:443][ 92]LogModuleManager: Shutting down and abandoning module SlateReflector (76)
[2016.09.09-23.22.28:443][ 92]LogModuleManager: Shutting down and abandoning module Slate (75)
[2016.09.09-23.22.28:443][ 92]LogModuleManager: Shutting down and abandoning module EditorStyle (74)
[2016.09.09-23.22.28:445][ 92]LogModuleManager: Shutting down and abandoning module SourceCodeAccess (73)
[2016.09.09-23.22.28:445][ 92]LogModuleManager: Shutting down and abandoning module HeadMountedDisplay (72)
[2016.09.09-23.22.28:445][ 92]LogModuleManager: Shutting down and abandoning module XAudio2 (71)
[2016.09.09-23.22.28:445][ 92]LogModuleManager: Shutting down and abandoning module Networking (69)
[2016.09.09-23.22.28:445][ 92]LogModuleManager: Shutting down and abandoning module Core (68)
[2016.09.09-23.22.28:445][ 92]LogModuleManager: Shutting down and abandoning module DirectoryWatcher (67)
[2016.09.09-23.22.28:445][ 92]LogDirectoryWatcher: A directory notification for '../../../Engine/Content/' was aborted.
[2016.09.09-23.22.28:445][ 92]LogDirectoryWatcher: A directory notification for '../../../../../../GitRepo/SubEarthDebug/SubEarthDebug/Content/' was aborted.
[2016.09.09-23.22.28:445][ 92]LogDirectoryWatcher: A directory notification for '../../../Engine/Plugins/2D/Paper2D/Content/' was aborted.
[2016.09.09-23.22.28:445][ 92]LogModuleManager: Shutting down and abandoning module AssetRegistry (66)
[2016.09.09-23.22.28:554][ 92]LogModuleManager: Shutting down and abandoning module KismetCompiler (65)
[2016.09.09-23.22.28:554][ 92]LogModuleManager: Shutting down and abandoning module PhysXFormats (64)
[2016.09.09-23.22.28:554][ 92]LogModuleManager: Shutting down and abandoning module MeshUtilities (63)
[2016.09.09-23.22.28:554][ 92]LogModuleManager: Shutting down and abandoning module DerivedDataCache (62)
[2016.09.09-23.22.28:628][ 92]LogDerivedDataCache: Shutdown
[2016.09.09-23.22.28:628][ 92]LogModuleManager: Shutting down and abandoning module VulkanShaderFormat (61)
[2016.09.09-23.22.28:628][ 92]LogModuleManager: Shutting down and abandoning module ShaderFormatOpenGL (60)
[2016.09.09-23.22.28:628][ 92]LogModuleManager: Shutting down and abandoning module ShaderFormatD3D (59)
[2016.09.09-23.22.28:628][ 92]LogModuleManager: Shutting down and abandoning module MetalShaderFormat (58)
[2016.09.09-23.22.28:628][ 92]LogModuleManager: Shutting down and abandoning module TextureFormatUncompressed (57)
[2016.09.09-23.22.28:628][ 92]LogModuleManager: Shutting down and abandoning module TextureFormatPVR (56)
[2016.09.09-23.22.28:629][ 92]LogModuleManager: Shutting down and abandoning module TextureFormatDXT (55)
[2016.09.09-23.22.28:629][ 92]LogModuleManager: Shutting down and abandoning module TextureFormatIntelISPCTexComp (54)
[2016.09.09-23.22.28:629][ 92]LogModuleManager: Shutting down and abandoning module ImageWrapper (53)
[2016.09.09-23.22.28:629][ 92]LogModuleManager: Shutting down and abandoning module TextureFormatASTC (52)
[2016.09.09-23.22.28:629][ 92]LogModuleManager: Shutting down and abandoning module TextureFormatAndroid (51)
[2016.09.09-23.22.28:629][ 92]LogModuleManager: Shutting down and abandoning module AudioFormatOpus (50)
[2016.09.09-23.22.28:629][ 92]LogModuleManager: Shutting down and abandoning module AudioFormatOgg (49)
[2016.09.09-23.22.28:629][ 92]LogModuleManager: Shutting down and abandoning module AudioFormatADPCM (48)
[2016.09.09-23.22.28:629][ 92]LogModuleManager: Shutting down and abandoning module LinuxTargetPlatform (47)
[2016.09.09-23.22.28:629][ 92]LogModuleManager: Shutting down and abandoning module LinuxServerTargetPlatform (46)
[2016.09.09-23.22.28:629][ 92]LogModuleManager: Shutting down and abandoning module LinuxNoEditorTargetPlatform (45)
[2016.09.09-23.22.28:629][ 92]LogModuleManager: Shutting down and abandoning module LinuxClientTargetPlatform (44)
[2016.09.09-23.22.28:629][ 92]LogModuleManager: Shutting down and abandoning module TVOSTargetPlatform (43)
[2016.09.09-23.22.28:629][ 92]LogModuleManager: Shutting down and abandoning module Messaging (42)
[2016.09.09-23.22.28:629][ 92]LogModuleManager: Shutting down and abandoning module IOSTargetPlatform (41)
[2016.09.09-23.22.28:629][ 92]LogModuleManager: Shutting down and abandoning module HTML5TargetPlatform (40)
[2016.09.09-23.22.28:629][ 92]LogModuleManager: Shutting down and abandoning module Android_PVRTCTargetPlatform (39)
[2016.09.09-23.22.28:629][ 92]LogModuleManager: Shutting down and abandoning module Android_MultiTargetPlatform (38)
[2016.09.09-23.22.28:629][ 92]LogModuleManager: Shutting down and abandoning module Android_ETC2TargetPlatform (37)
[2016.09.09-23.22.28:629][ 92]LogModuleManager: Shutting down and abandoning module Android_ETC1TargetPlatform (36)
[2016.09.09-23.22.28:629][ 92]LogModuleManager: Shutting down and abandoning module Android_DXTTargetPlatform (35)
[2016.09.09-23.22.28:629][ 92]LogModuleManager: Shutting down and abandoning module Android_ATCTargetPlatform (34)
[2016.09.09-23.22.28:629][ 92]LogModuleManager: Shutting down and abandoning module Android_ASTCTargetPlatform (33)
[2016.09.09-23.22.28:629][ 92]LogModuleManager: Shutting down and abandoning module AndroidTargetPlatform (32)
[2016.09.09-23.22.28:629][ 92]LogModuleManager: Shutting down and abandoning module WindowsTargetPlatform (31)
[2016.09.09-23.22.28:629][ 92]LogModuleManager: Shutting down and abandoning module WindowsServerTargetPlatform (30)
[2016.09.09-23.22.28:629][ 92]LogModuleManager: Shutting down and abandoning module WindowsNoEditorTargetPlatform (29)
[2016.09.09-23.22.28:629][ 92]LogModuleManager: Shutting down and abandoning module WindowsClientTargetPlatform (28)
[2016.09.09-23.22.28:629][ 92]LogModuleManager: Shutting down and abandoning module AllDesktopTargetPlatform (27)
[2016.09.09-23.22.28:629][ 92]LogModuleManager: Shutting down and abandoning module TargetPlatform (26)
[2016.09.09-23.22.28:629][ 92]LogModuleManager: Shutting down and abandoning module InputCore (25)
[2016.09.09-23.22.28:629][ 92]LogModuleManager: Shutting down and abandoning module Settings (24)
[2016.09.09-23.22.28:629][ 92]LogModuleManager: Shutting down and abandoning module OculusRift (23)
[2016.09.09-23.22.28:629][ 92]LogModuleManager: Shutting down and abandoning module GearVR (22)
[2016.09.09-23.22.28:629][ 92]LogModuleManager: Shutting down and abandoning module ExampleDeviceProfileSelector (21)
[2016.09.09-23.22.28:629][ 92]LogModuleManager: Shutting down and abandoning module OnlineBlueprintSupport (20)
[2016.09.09-23.22.28:629][ 92]LogModuleManager: Shutting down and abandoning module OnlineSubsystem (18)
[2016.09.09-23.22.28:629][ 92]LogOnline:Display: Unloading online subsystem: NULL
[2016.09.09-23.22.28:629][ 92]LogModuleManager: Shutting down and abandoning module HTTP (17)
[2016.09.09-23.22.28:629][ 92]LogHttp:Display: Http module shutting down, but needs to wait on 1 outstanding Http requests:
[2016.09.09-23.22.28:629][ 92]LogHttp:Display: 	verb=[POST] url=[https://datarouter.ol.epicgames.com/datarouter/api/v1/public/data?SessionID=%7BE866FFE6-4F4E-22FA-9D56-AD9F94520AC0%7D&AppID=UEEditor.Rocket.Release&AppVersion=%2B%2BUE4%2BRelease-4.13-CL-3106830&UserID=6c99c244400e040ffeda7fb437f09e9e%7C14c2ad2f37be44638aecfb73308f1fbd%7Cbe7199e5-f12e-4643-9fd2-000e24286372&AppEnvironment=datacollector-binary&UploadType=eteventstream] status=Processing
[2016.09.09-23.22.28:641][ 92]LogModuleManager: Shutting down and abandoning module XMPP (16)
[2016.09.09-23.22.28:641][ 92]LogModuleManager: Shutting down and abandoning module DesktopPlatform (15)
[2016.09.09-23.22.28:641][ 92]LogModuleManager: Shutting down and abandoning module TextureCompressor (14)
[2016.09.09-23.22.28:641][ 92]LogModuleManager: Shutting down and abandoning module ShaderCore (13)
[2016.09.09-23.22.28:641][ 92]LogModuleManager: Shutting down and abandoning module Landscape (12)
[2016.09.09-23.22.28:641][ 92]LogModuleManager: Shutting down and abandoning module SlateRHIRenderer (11)
[2016.09.09-23.22.28:642][ 92]LogModuleManager: Shutting down and abandoning module OpenGLDrv (10)
[2016.09.09-23.22.28:642][ 92]LogModuleManager: Shutting down and abandoning module D3D11RHI (9)
[2016.09.09-23.22.28:642][ 92]LogModuleManager: Shutting down and abandoning module AnimGraphRuntime (8)
[2016.09.09-23.22.28:642][ 92]LogModuleManager: Shutting down and abandoning module Renderer (7)
[2016.09.09-23.22.28:642][ 92]LogModuleManager: Shutting down and abandoning module Engine (6)
[2016.09.09-23.22.28:642][ 92]LogModuleManager: Shutting down and abandoning module CoreUObject (5)
[2016.09.09-23.22.28:642][ 92]LogModuleManager: Shutting down and abandoning module NetworkFile (4)
[2016.09.09-23.22.28:642][ 92]LogModuleManager: Shutting down and abandoning module StreamingFile (3)
[2016.09.09-23.22.28:642][ 92]LogModuleManager: Shutting down and abandoning module SandboxFile (2)
[2016.09.09-23.22.28:642][ 92]LogModuleManager: Shutting down and abandoning module PakFile (1)
[2016.09.09-23.22.28:643][ 92]LogExit: Exiting.
[2016.09.09-23.22.28:651][ 92]Log file closed, 09/09/16 16:22:28
