Log file open, 09/09/16 16:22:35
LogInit:Display: Running engine for game: SubEarthDebug
LogPlatformFile: Not using cached read wrapper
LogInit:Display: RandInit(1384513111) SRandInit(1384513111).
LogTaskGraph: Started task graph with 5 named threads and 8 total threads with 1 sets of task threads.
LogStats: Stats thread started at 0.071760
LogPluginManager: Loaded Plugin Paper2D, From C:/Program Files (x86)/Epic Games/4.13/Engine/Plugins/2D/Paper2D/Paper2D.uplugin
LogPluginManager: Loaded Plugin LightPropagationVolume, From C:/Program Files (x86)/Epic Games/4.13/Engine/Plugins/Blendables/LightPropagationVolume/LightPropagationVolume.uplugin
LogPluginManager: Loaded Plugin BlankPlugin, From C:/Program Files (x86)/Epic Games/4.13/Engine/Plugins/Developer/BlankPlugin/BlankPlugin.uplugin
LogPluginManager: Loaded Plugin CodeLiteSourceCodeAccess, From C:/Program Files (x86)/Epic Games/4.13/Engine/Plugins/Developer/CodeLiteSourceCodeAccess/CodeLiteSourceCodeAccess.uplugin
LogPluginManager: Loaded Plugin GitSourceControl, From C:/Program Files (x86)/Epic Games/4.13/Engine/Plugins/Developer/GitSourceControl/GitSourceControl.uplugin
LogPluginManager: Loaded Plugin KDevelopSourceCodeAccess, From C:/Program Files (x86)/Epic Games/4.13/Engine/Plugins/Developer/KDevelopSourceCodeAccess/KDevelopSourceCodeAccess.uplugin
LogPluginManager: Loaded Plugin NullSourceCodeAccess, From C:/Program Files (x86)/Epic Games/4.13/Engine/Plugins/Developer/NullSourceCodeAccess/NullSourceCodeAccess.uplugin
LogPluginManager: Loaded Plugin OneSkyLocalizationService, From C:/Program Files (x86)/Epic Games/4.13/Engine/Plugins/Developer/OneSkyLocalizationService/OneSkyLocalizationService.uplugin
LogPluginManager: Loaded Plugin PerforceSourceControl, From C:/Program Files (x86)/Epic Games/4.13/Engine/Plugins/Developer/PerforceSourceControl/PerforceSourceControl.uplugin
LogPluginManager: Loaded Plugin SubversionSourceControl, From C:/Program Files (x86)/Epic Games/4.13/Engine/Plugins/Developer/SubversionSourceControl/SubversionSourceControl.uplugin
LogPluginManager: Loaded Plugin UObjectPlugin, From C:/Program Files (x86)/Epic Games/4.13/Engine/Plugins/Developer/UObjectPlugin/UObjectPlugin.uplugin
LogPluginManager: Loaded Plugin VisualStudioSourceCodeAccess, From C:/Program Files (x86)/Epic Games/4.13/Engine/Plugins/Developer/VisualStudioSourceCodeAccess/VisualStudioSourceCodeAccess.uplugin
LogPluginManager: Loaded Plugin XCodeSourceCodeAccess, From C:/Program Files (x86)/Epic Games/4.13/Engine/Plugins/Developer/XCodeSourceCodeAccess/XCodeSourceCodeAccess.uplugin
LogPluginManager: Loaded Plugin EpicSurvey, From C:/Program Files (x86)/Epic Games/4.13/Engine/Plugins/Editor/EpicSurvey/EpicSurvey.uplugin
LogPluginManager: Loaded Plugin MacGraphicsSwitching, From C:/Program Files (x86)/Epic Games/4.13/Engine/Plugins/Editor/MacGraphicsSwitching/MacGraphicsSwitching.uplugin
LogPluginManager: Loaded Plugin MobileLauncherProfileWizard, From C:/Program Files (x86)/Epic Games/4.13/Engine/Plugins/Editor/MobileLauncherProfileWizard/MobileLauncherProfileWizard.uplugin
LogPluginManager: Loaded Plugin PluginBrowser, From C:/Program Files (x86)/Epic Games/4.13/Engine/Plugins/Editor/PluginBrowser/PluginBrowser.uplugin
LogPluginManager: Loaded Plugin SpeedTreeImporter, From C:/Program Files (x86)/Epic Games/4.13/Engine/Plugins/Editor/SpeedTreeImporter/SpeedTreeImporter.uplugin
LogPluginManager: Loaded Plugin SuperSearchEditor, From C:/Program Files (x86)/Epic Games/4.13/Engine/Plugins/Editor/SuperSearchEditor/SuperSearchEditor.uplugin
LogPluginManager: Loaded Plugin AlembicImporter, From C:/Program Files (x86)/Epic Games/4.13/Engine/Plugins/Experimental/AlembicImporter/AlembicImporter.uplugin
LogPluginManager: Loaded Plugin BlueprintStats, From C:/Program Files (x86)/Epic Games/4.13/Engine/Plugins/Experimental/BlueprintStats/BlueprintStats.uplugin
LogPluginManager: Loaded Plugin CharacterAI, From C:/Program Files (x86)/Epic Games/4.13/Engine/Plugins/Experimental/CharacterAI/CharacterAI.uplugin
LogPluginManager: Loaded Plugin CodeEditor, From C:/Program Files (x86)/Epic Games/4.13/Engine/Plugins/Experimental/CodeEditor/CodeEditor.uplugin
LogPluginManager: Loaded Plugin CodeView, From C:/Program Files (x86)/Epic Games/4.13/Engine/Plugins/Experimental/CodeView/CodeView.uplugin
LogPluginManager: Loaded Plugin HTML5Networking, From C:/Program Files (x86)/Epic Games/4.13/Engine/Plugins/Experimental/HTML5Networking/HTML5Networking.uplugin
LogPluginManager: Loaded Plugin LiveEditor, From C:/Program Files (x86)/Epic Games/4.13/Engine/Plugins/Experimental/LiveEditor/LiveEditor.uplugin
LogPluginManager: Loaded Plugin OSVR, From C:/Program Files (x86)/Epic Games/4.13/Engine/Plugins/Experimental/OSVR/OSVR.uplugin
LogPluginManager: Loaded Plugin Phya, From C:/Program Files (x86)/Epic Games/4.13/Engine/Plugins/Experimental/Phya/Phya.uplugin
LogPluginManager: Loaded Plugin SignificanceManager, From C:/Program Files (x86)/Epic Games/4.13/Engine/Plugins/Experimental/SignificanceManager/SignificanceManager.uplugin
LogPluginManager: Loaded Plugin SimpleHMD, From C:/Program Files (x86)/Epic Games/4.13/Engine/Plugins/Experimental/SimpleHMD/SimpleHMD.uplugin
LogPluginManager: Loaded Plugin StereoPanorama, From C:/Program Files (x86)/Epic Games/4.13/Engine/Plugins/Experimental/StereoPanorama/StereoPanorama.uplugin
LogPluginManager: Loaded Plugin StructBox, From C:/Program Files (x86)/Epic Games/4.13/Engine/Plugins/Experimental/StructBox/StructBox.uplugin
LogPluginManager: Loaded Plugin AndroidMedia, From C:/Program Files (x86)/Epic Games/4.13/Engine/Plugins/Media/AndroidMedia/AndroidMedia.uplugin
LogPluginManager: Loaded Plugin AvfMedia, From C:/Program Files (x86)/Epic Games/4.13/Engine/Plugins/Media/AvfMedia/AvfMedia.uplugin
LogPluginManager: Loaded Plugin MediaPlayerEditor, From C:/Program Files (x86)/Epic Games/4.13/Engine/Plugins/Media/MediaPlayerEditor/MediaPlayerEditor.uplugin
LogPluginManager: Loaded Plugin WmfMedia, From C:/Program Files (x86)/Epic Games/4.13/Engine/Plugins/Media/WmfMedia/WmfMedia.uplugin
LogPluginManager: Loaded Plugin MessagingDebugger, From C:/Program Files (x86)/Epic Games/4.13/Engine/Plugins/Messaging/MessagingDebugger/MessagingDebugger.uplugin
LogPluginManager: Loaded Plugin TcpMessaging, From C:/Program Files (x86)/Epic Games/4.13/Engine/Plugins/Messaging/TcpMessaging/TcpMessaging.uplugin
LogPluginManager: Loaded Plugin UdpMessaging, From C:/Program Files (x86)/Epic Games/4.13/Engine/Plugins/Messaging/UdpMessaging/UdpMessaging.uplugin
LogPluginManager: Loaded Plugin LevelSequenceEditor, From C:/Program Files (x86)/Epic Games/4.13/Engine/Plugins/MovieScene/LevelSequenceEditor/LevelSequenceEditor.uplugin
LogPluginManager: Loaded Plugin MatineeToLevelSequence, From C:/Program Files (x86)/Epic Games/4.13/Engine/Plugins/MovieScene/MatineeToLevelSequence/MatineeToLevelSequence.uplugin
LogPluginManager: Loaded Plugin NetcodeUnitTest, From C:/Program Files (x86)/Epic Games/4.13/Engine/Plugins/NetcodeUnitTest/NetcodeUnitTest/NetcodeUnitTest.uplugin
LogPluginManager: Loaded Plugin NUTUnrealEngine4, From C:/Program Files (x86)/Epic Games/4.13/Engine/Plugins/NetcodeUnitTest/NUTUnrealEngine4/NUTUnrealEngine4.uplugin
LogPluginManager: Loaded Plugin OnlineSubsystemGooglePlay, From C:/Program Files (x86)/Epic Games/4.13/Engine/Plugins/Online/Android/OnlineSubsystemGooglePlay/OnlineSubsystemGooglePlay.uplugin
LogPluginManager: Loaded Plugin OnlineSubsystemIOS, From C:/Program Files (x86)/Epic Games/4.13/Engine/Plugins/Online/IOS/OnlineSubsystemIOS/OnlineSubsystemIOS.uplugin
LogPluginManager: Loaded Plugin OnlineFramework, From C:/Program Files (x86)/Epic Games/4.13/Engine/Plugins/Online/OnlineFramework/OnlineFramework.uplugin
LogPluginManager: Loaded Plugin OnlineSubsystem, From C:/Program Files (x86)/Epic Games/4.13/Engine/Plugins/Online/OnlineSubsystem/OnlineSubsystem.uplugin
LogPluginManager: Loaded Plugin OnlineSubsystemAmazon, From C:/Program Files (x86)/Epic Games/4.13/Engine/Plugins/Online/OnlineSubsystemAmazon/OnlineSubsystemAmazon.uplugin
LogPluginManager: Loaded Plugin OnlineSubsystemFacebook, From C:/Program Files (x86)/Epic Games/4.13/Engine/Plugins/Online/OnlineSubsystemFacebook/OnlineSubsystemFacebook.uplugin
LogPluginManager: Loaded Plugin OnlineSubsystemNull, From C:/Program Files (x86)/Epic Games/4.13/Engine/Plugins/Online/OnlineSubsystemNull/OnlineSubsystemNull.uplugin
LogPluginManager: Loaded Plugin OnlineSubsystemOculus, From C:/Program Files (x86)/Epic Games/4.13/Engine/Plugins/Online/OnlineSubsystemOculus/OnlineSubsystemOculus.uplugin
LogPluginManager: Loaded Plugin OnlineSubsystemSteam, From C:/Program Files (x86)/Epic Games/4.13/Engine/Plugins/Online/OnlineSubsystemSteam/OnlineSubsystemSteam.uplugin
LogPluginManager: Loaded Plugin OnlineSubsystemUtils, From C:/Program Files (x86)/Epic Games/4.13/Engine/Plugins/Online/OnlineSubsystemUtils/OnlineSubsystemUtils.uplugin
LogPluginManager: Loaded Plugin IOSTapJoy, From C:/Program Files (x86)/Epic Games/4.13/Engine/Plugins/Runtime/Advertising/IOSTapJoy/IOSTapJoy.uplugin
LogPluginManager: Loaded Plugin AnalyticsBlueprintLibrary, From C:/Program Files (x86)/Epic Games/4.13/Engine/Plugins/Runtime/Analytics/AnalyticsBlueprintLibrary/AnalyticsBlueprintLibrary.uplugin
LogPluginManager: Loaded Plugin AnalyticsMulticast, From C:/Program Files (x86)/Epic Games/4.13/Engine/Plugins/Runtime/Analytics/AnalyticsMulticast/AnalyticsMulticast.uplugin
LogPluginManager: Loaded Plugin Apsalar, From C:/Program Files (x86)/Epic Games/4.13/Engine/Plugins/Runtime/Analytics/Apsalar/Apsalar.uplugin
LogPluginManager: Loaded Plugin FileLogging, From C:/Program Files (x86)/Epic Games/4.13/Engine/Plugins/Runtime/Analytics/FileLogging/FileLogging.uplugin
LogPluginManager: Loaded Plugin Flurry, From C:/Program Files (x86)/Epic Games/4.13/Engine/Plugins/Runtime/Analytics/Flurry/Flurry.uplugin
LogPluginManager: Loaded Plugin AndroidDeviceProfileSelector, From C:/Program Files (x86)/Epic Games/4.13/Engine/Plugins/Runtime/AndroidDeviceProfileSelector/AndroidDeviceProfileSelector.uplugin
LogPluginManager: Loaded Plugin AndroidMoviePlayer, From C:/Program Files (x86)/Epic Games/4.13/Engine/Plugins/Runtime/AndroidMoviePlayer/AndroidMoviePlayer.uplugin
LogPluginManager: Loaded Plugin AppleMoviePlayer, From C:/Program Files (x86)/Epic Games/4.13/Engine/Plugins/Runtime/AppleMoviePlayer/AppleMoviePlayer.uplugin
LogPluginManager: Loaded Plugin ArchVisCharacter, From C:/Program Files (x86)/Epic Games/4.13/Engine/Plugins/Runtime/ArchVisCharacter/ArchVisCharacter.uplugin
LogPluginManager: Loaded Plugin CableComponent, From C:/Program Files (x86)/Epic Games/4.13/Engine/Plugins/Runtime/CableComponent/CableComponent.uplugin
LogPluginManager: Loaded Plugin CustomMeshComponent, From C:/Program Files (x86)/Epic Games/4.13/Engine/Plugins/Runtime/CustomMeshComponent/CustomMeshComponent.uplugin
LogPluginManager: Loaded Plugin ExampleDeviceProfileSelector, From C:/Program Files (x86)/Epic Games/4.13/Engine/Plugins/Runtime/ExampleDeviceProfileSelector/ExampleDeviceProfileSelector.uplugin
LogPluginManager: Loaded Plugin GearVR, From C:/Program Files (x86)/Epic Games/4.13/Engine/Plugins/Runtime/GearVR/GearVR.uplugin
LogPluginManager: Loaded Plugin GoogleVRController, From C:/Program Files (x86)/Epic Games/4.13/Engine/Plugins/Runtime/GoogleVR/GoogleVRController/GoogleVRController.uplugin
LogPluginManager: Loaded Plugin GoogleVRHMD, From C:/Program Files (x86)/Epic Games/4.13/Engine/Plugins/Runtime/GoogleVR/GoogleVRHMD/GoogleVRHMD.uplugin
LogPluginManager: Loaded Plugin IOSDeviceProfileSelector, From C:/Program Files (x86)/Epic Games/4.13/Engine/Plugins/Runtime/IOSDeviceProfileSelector/IOSDeviceProfileSelector.uplugin
LogPluginManager: Loaded Plugin LeapMotion, From C:/Program Files (x86)/Epic Games/4.13/Engine/Plugins/Runtime/LeapMotion/LeapMotion.uplugin
LogPluginManager: Loaded Plugin LinuxDeviceProfileSelector, From C:/Program Files (x86)/Epic Games/4.13/Engine/Plugins/Runtime/LinuxDeviceProfileSelector/LinuxDeviceProfileSelector.uplugin
LogPluginManager: Loaded Plugin LiveEditorListenServer, From C:/Program Files (x86)/Epic Games/4.13/Engine/Plugins/Runtime/LiveEditorListenServer/LiveEditorListenServer.uplugin
LogPluginManager: Loaded Plugin OculusAudio, From C:/Program Files (x86)/Epic Games/4.13/Engine/Plugins/Runtime/OculusAudio/OculusAudio.uplugin
LogPluginManager: Loaded Plugin OculusInput, From C:/Program Files (x86)/Epic Games/4.13/Engine/Plugins/Runtime/OculusInput/OculusInput.uplugin
LogPluginManager: Loaded Plugin OculusLibrary, From C:/Program Files (x86)/Epic Games/4.13/Engine/Plugins/Runtime/OculusLibrary/OculusLibrary.uplugin
LogPluginManager: Loaded Plugin OculusRift, From C:/Program Files (x86)/Epic Games/4.13/Engine/Plugins/Runtime/OculusRift/OculusRift.uplugin
LogPluginManager: Loaded Plugin Oodle, From C:/Program Files (x86)/Epic Games/4.13/Engine/Plugins/Runtime/PacketHandlers/CompressionComponents/Oodle/Oodle.uplugin
LogPluginManager: Loaded Plugin ProceduralMeshComponent, From C:/Program Files (x86)/Epic Games/4.13/Engine/Plugins/Runtime/ProceduralMeshComponent/ProceduralMeshComponent.uplugin
LogPluginManager: Loaded Plugin SoundMod, From C:/Program Files (x86)/Epic Games/4.13/Engine/Plugins/Runtime/SoundMod/SoundMod.uplugin
LogPluginManager: Loaded Plugin SoundVisualizations, From C:/Program Files (x86)/Epic Games/4.13/Engine/Plugins/Runtime/SoundVisualizations/SoundVisualizations.uplugin
LogPluginManager: Loaded Plugin SteamController, From C:/Program Files (x86)/Epic Games/4.13/Engine/Plugins/Runtime/Steam/SteamController/SteamController.uplugin
LogPluginManager: Loaded Plugin SteamVR, From C:/Program Files (x86)/Epic Games/4.13/Engine/Plugins/Runtime/Steam/SteamVR/SteamVR.uplugin
LogPluginManager: Loaded Plugin WebBrowserWidget, From C:/Program Files (x86)/Epic Games/4.13/Engine/Plugins/Runtime/WebBrowserWidget/WebBrowserWidget.uplugin
LogPluginManager: Loaded Plugin WindowsDeviceProfileSelector, From C:/Program Files (x86)/Epic Games/4.13/Engine/Plugins/Runtime/WindowsDeviceProfileSelector/WindowsDeviceProfileSelector.uplugin
LogPluginManager: Loaded Plugin WindowsMoviePlayer, From C:/Program Files (x86)/Epic Games/4.13/Engine/Plugins/Runtime/WindowsMoviePlayer/WindowsMoviePlayer.uplugin
LogPluginManager: Loaded Plugin ScriptPlugin, From C:/Program Files (x86)/Epic Games/4.13/Engine/Plugins/ScriptPlugin/ScriptPlugin.uplugin
LogPluginManager: Loaded Plugin SlateRemote, From C:/Program Files (x86)/Epic Games/4.13/Engine/Plugins/Slate/SlateRemote/SlateRemote.uplugin
LogInit: Using libcurl 7.47.1
LogInit:  - built for x86_64-pc-win32
LogInit:  - supports SSL with WinSSL
LogInit:  - other features:
LogInit:      CURL_VERSION_SSL
LogInit:      CURL_VERSION_IPV6
LogInit:      CURL_VERSION_ASYNCHDNS
LogInit:      CURL_VERSION_LARGEFILE
LogInit:      CURL_VERSION_IDN
LogInit:  CurlRequestOptions (configurable via config and command line):
LogInit:  - bVerifyPeer = false  - Libcurl will NOT verify peer certificate
LogInit:  - bUseHttpProxy = false  - Libcurl will NOT use HTTP proxy
LogInit:  - bDontReuseConnections = false  - Libcurl will reuse connections
LogInit:  - CertBundlePath = nullptr  - Libcurl will use whatever was configured at build time.
LogInit: Build: ++UE4+Release-4.13-CL-3106830
LogInit: Engine Version: 4.13.0-3106830+++UE4+Release-4.13
LogInit: Compatible Engine Version: 4.13.0-3106830+++UE4+Release-4.13
LogInit: Net CL: 3106830
LogDevObjectVersion: Number of dev versions registered: 13
LogDevObjectVersion:   Dev-Blueprints (B0D832E4-1F89-4F0D-ACCF-7EB736FD4AA2): 5
LogDevObjectVersion:   Dev-Build (E1C64328-A22C-4D53-A36C-8E866417BD8C): 0
LogDevObjectVersion:   Dev-Core (375EC13C-06E4-48FB-B500-84F0262A717E): 1
LogDevObjectVersion:   Dev-Editor (E4B068ED-F494-42E9-A231-DA0B2E46BB41): 6
LogDevObjectVersion:   Dev-Framework (CFFC743F-43B0-4480-9391-14DF171D2073): 12
LogDevObjectVersion:   Dev-Mobile (B02B49B5-BB20-44E9-A304-32B752E40360): 0
LogDevObjectVersion:   Dev-Networking (A4E4105C-59A1-49B5-A7C5-40C4547EDFEE): 0
LogDevObjectVersion:   Dev-Online (39C831C9-5AE6-47DC-9A44-9C173E1C8E7C): 0
LogDevObjectVersion:   Dev-Physics (78F01B33-EBEA-4F98-B9B4-84EACCB95AA2): 0
LogDevObjectVersion:   Dev-Platform (6631380F-2D4D-43E0-8009-CF276956A95A): 0
LogDevObjectVersion:   Dev-Rendering (12F88B9F-8875-4AFC-A67C-D90C383ABD29): 4
LogDevObjectVersion:   Dev-Sequencer (7B5AE74C-D270-4C10-A958-57980B212A5A): 0
LogDevObjectVersion:   Dev-VR (D7296918-1DD6-4BDD-9DE2-64A83CC13884): 0
LogInit: Compiled (64-bit): Aug 30 2016 18:11:39
LogInit: Compiled with Visual C++: 19.00.23026.00
LogInit: Build Configuration: Development
LogInit: Branch Name: ++UE4+Release-4.13
LogInit: Command line:  
LogInit: Base directory: C:/Program Files (x86)/Epic Games/4.13/Engine/Binaries/Win64/
LogInit: Installed Engine Build: 1
LogInit: Presizing for max 8388607 objects, including 0 objects not considered by GC, pre-allocating 0 bytes for permanent pool.
LogInit: Object subsystem initialized
[2016.09.09-23.22.35:517][  0]LogInit: Selected Device Profile: [Windows]
[2016.09.09-23.22.35:517][  0]LogInit: Applying CVar settings loaded from the selected device profile: [Windows]
[2016.09.09-23.22.35:524][  0]LogInit: Computer: DESKTOP-CKBV81A
[2016.09.09-23.22.35:524][  0]LogInit: User: gamep
[2016.09.09-23.22.35:524][  0]LogInit: CPU Page size=65536, Cores=4
[2016.09.09-23.22.35:524][  0]LogInit: High frequency timer resolution =3.914059 MHz
[2016.09.09-23.22.35:525][  0]LogMemory: Memory total: Physical=23.9GB (24GB approx)
[2016.09.09-23.22.35:525][  0]LogMemory: Platform Memory Stats for Windows
[2016.09.09-23.22.35:525][  0]LogMemory: Process Physical Memory: 256.24 MB used, 256.24 MB peak
[2016.09.09-23.22.35:525][  0]LogMemory: Process Virtual Memory: 259.92 MB used, 259.92 MB peak
[2016.09.09-23.22.35:525][  0]LogMemory: Physical Memory: 5047.36 MB used, 24511.54 MB total
[2016.09.09-23.22.35:525][  0]LogMemory: Virtual Memory: 624.13 MB used, 134217728.00 MB total
[2016.09.09-23.22.35:550][  0]LogTextLocalizationManager: No specific translations for ('en-US') exist, so ('en') translations will be used.
[2016.09.09-23.22.36:000][  0]LogD3D11RHI: D3D11 adapters:
[2016.09.09-23.22.36:018][  0]LogD3D11RHI:    0. 'NVIDIA GeForce GTX 980 Ti' (Feature Level 11_0)
[2016.09.09-23.22.36:018][  0]LogD3D11RHI:       6103/0/12255 MB DedicatedVideo/DedicatedSystem/SharedSystem, Outputs:2, VendorId:0x10de
[2016.09.09-23.22.36:019][  0]LogD3D11RHI:    1. 'Microsoft Basic Render Driver' (Feature Level 11_0)
[2016.09.09-23.22.36:019][  0]LogD3D11RHI:       0/0/12255 MB DedicatedVideo/DedicatedSystem/SharedSystem, Outputs:0, VendorId:0x1414
[2016.09.09-23.22.36:019][  0]LogD3D11RHI: Chosen D3D11 Adapter: 0
[2016.09.09-23.22.36:024][  0]LogD3D11RHI: Creating new Direct3DDevice
[2016.09.09-23.22.36:024][  0]LogD3D11RHI:     GPU DeviceId: 0x17c8 (for the marketing name, search the web for "GPU Device Id")
[2016.09.09-23.22.36:024][  0]LogWindows: EnumDisplayDevices:
[2016.09.09-23.22.36:024][  0]LogWindows:    0. 'NVIDIA GeForce GTX 980 Ti' (P:0 D:1)
[2016.09.09-23.22.36:024][  0]LogWindows:    1. 'NVIDIA GeForce GTX 980 Ti' (P:1 D:1)
[2016.09.09-23.22.36:024][  0]LogWindows:    2. 'NVIDIA GeForce GTX 980 Ti' (P:0 D:0)
[2016.09.09-23.22.36:024][  0]LogWindows:    3. 'NVIDIA GeForce GTX 980 Ti' (P:0 D:0)
[2016.09.09-23.22.36:024][  0]LogWindows: DebugString: FoundDriverCount:4 
[2016.09.09-23.22.36:024][  0]LogD3D11RHI:     Adapter Name: NVIDIA GeForce GTX 980 Ti
[2016.09.09-23.22.36:024][  0]LogD3D11RHI:   Driver Version: 372.70 (internal:21.21.13.7270, unified:372.70)
[2016.09.09-23.22.36:024][  0]LogD3D11RHI:      Driver Date: 8-25-2016
[2016.09.09-23.22.36:024][  0]LogRHI: Texture pool is 1361 MB (70% of 1945 MB)
[2016.09.09-23.22.36:035][  0]LogD3D11RHI: Async texture creation enabled
[2016.09.09-23.22.36:043][  0]LogD3D11RHI: GPU Timing Frequency: 1000.000000 (Debug: 2 1)
[2016.09.09-23.22.36:043][  0]LogShaderCompilers: Guid format shader working directory is -7 characters bigger than the processId version (../../../../../../GitRepo/SubEarthDebug/SubEarthDebug/Intermediate/Shaders/WorkingDirectory/3720/).
[2016.09.09-23.22.36:043][  0]LogShaderCompilers: Cleaned the shader compiler working directory 'C:/Users/gamep/AppData/Local/Temp/UnrealShaderWorkingDir/B075758A4949BE25040CFE9E024B6E57/'.
[2016.09.09-23.22.36:043][  0]LogShaderCompilers:Display: Using Local Shader Compiler.
[2016.09.09-23.22.36:877][  0]LogTemp:Display: Loaded TP AllDesktopTargetPlatform
[2016.09.09-23.22.36:886][  0]LogTemp:Display: Loaded TP WindowsClientTargetPlatform
[2016.09.09-23.22.36:892][  0]LogTemp:Display: Loaded TP WindowsNoEditorTargetPlatform
[2016.09.09-23.22.36:899][  0]LogTemp:Display: Loaded TP WindowsServerTargetPlatform
[2016.09.09-23.22.36:906][  0]LogTemp:Display: Loaded TP WindowsTargetPlatform
[2016.09.09-23.22.36:912][  0]LogTemp:Display: Loaded TP AndroidTargetPlatform
[2016.09.09-23.22.36:917][  0]LogTemp:Display: Loaded TP Android_ASTCTargetPlatform
[2016.09.09-23.22.36:921][  0]LogTemp:Display: Loaded TP Android_ATCTargetPlatform
[2016.09.09-23.22.36:929][  0]LogTemp:Display: Loaded TP Android_DXTTargetPlatform
[2016.09.09-23.22.36:937][  0]LogTemp:Display: Loaded TP Android_ETC1TargetPlatform
[2016.09.09-23.22.36:944][  0]LogTemp:Display: Loaded TP Android_ETC2TargetPlatform
[2016.09.09-23.22.36:954][  0]LogTemp:Display: Loaded TP Android_MultiTargetPlatform
[2016.09.09-23.22.36:954][  0]LogTemp:Display: Loaded TP Android_PVRTCTargetPlatform
[2016.09.09-23.22.36:955][  0]LogTemp:Display: Loaded TP HTML5TargetPlatform
[2016.09.09-23.22.36:973][  0]LogTemp:Display: Loaded TP IOSTargetPlatform
[2016.09.09-23.22.36:978][  0]LogTemp:Display: Loaded TP TVOSTargetPlatform
[2016.09.09-23.22.36:983][  0]LogTemp:Display: Loaded TP LinuxClientTargetPlatform
[2016.09.09-23.22.36:989][  0]LogTemp:Display: Loaded TP LinuxNoEditorTargetPlatform
[2016.09.09-23.22.36:994][  0]LogTemp:Display: Loaded TP LinuxServerTargetPlatform
[2016.09.09-23.22.36:999][  0]LogTemp:Display: Loaded TP LinuxTargetPlatform
[2016.09.09-23.22.36:999][  0]LogTargetPlatformManager:Display: Building Assets For Windows
[2016.09.09-23.22.37:062][  0]LogDerivedDataCache:Display: Max Cache Size: 512 MB
[2016.09.09-23.22.37:110][  0]LogDerivedDataCache: Loaded boot cache 0.05s 64MB C:/Users/gamep/AppData/Local/UnrealEngine/4.13/DerivedDataCache/Boot.ddc.
[2016.09.09-23.22.37:110][  0]LogDerivedDataCache:Display: Loaded Boot cache: C:/Users/gamep/AppData/Local/UnrealEngine/4.13/DerivedDataCache/Boot.ddc
[2016.09.09-23.22.37:110][  0]LogDerivedDataCache: FDerivedDataBackendGraph:  Pak pak cache file ../../../../../../GitRepo/SubEarthDebug/SubEarthDebug/DerivedDataCache/DDC.ddp not found, will not use a pak cache.
[2016.09.09-23.22.37:110][  0]LogDerivedDataCache: Unable to find inner node Pak for hierarchical cache Hierarchy.
[2016.09.09-23.22.37:110][  0]LogDerivedDataCache: FDerivedDataBackendGraph:  CompressedPak pak cache file ../../../../../../GitRepo/SubEarthDebug/SubEarthDebug/DerivedDataCache/Compressed.ddp not found, will not use a pak cache.
[2016.09.09-23.22.37:110][  0]LogDerivedDataCache: Unable to find inner node CompressedPak for hierarchical cache Hierarchy.
[2016.09.09-23.22.37:124][  0]LogDerivedDataCache:Display: Pak cache opened for reading ../../../Engine/DerivedDataCache/Compressed.ddp.
[2016.09.09-23.22.37:135][  0]LogDerivedDataCache: Using Local data cache path C:/Users/gamep/AppData/Local/UnrealEngine/Common/DerivedDataCache: Writable
[2016.09.09-23.22.37:290][  0]LogInit: Selected Device Profile: [Windows]
[2016.09.09-23.22.37:293][  0]LogContentStreaming: Texture pool size is 0.00 MB
[2016.09.09-23.22.37:374][  0]LogMeshUtilities: No automatic mesh reduction module available
[2016.09.09-23.22.37:374][  0]LogMeshUtilities: No automatic mesh merging module available
[2016.09.09-23.22.37:374][  0]LogMeshUtilities: No distributed automatic mesh merging module available
[2016.09.09-23.22.37:426][  0]LogMaterial: Uniform references updated for custom material expression Custom.
[2016.09.09-23.22.37:627][  0]LogNetVersion: GetLocalNetworkVersion: CL: 3106830, ProjectName: subearthdebug, ProjectVersion: , EngineNetworkVersion: 1, GameNetworkVersion: 0, NetworkChecksum: 804307868
[2016.09.09-23.22.37:659][  0]LogAssetRegistry: FAssetRegistry took 0.0212 seconds to start up
[2016.09.09-23.22.37:681][  0]LogPackageLocalizationCache: Processed 3 localized package path(s) for 2 prioritized culture(s) in 0.020249 seconds
[2016.09.09-23.22.37:687][  0]LogUObjectArray: 29777 objects as part of root set at end of initial load.
[2016.09.09-23.22.37:687][  0]LogUObjectAllocator: 6124704 out of 0 bytes used by permanent object pool.
[2016.09.09-23.22.37:687][  0]LogUObjectArray: CloseDisregardForGC: 0/0 objects in disregard for GC pool
[2016.09.09-23.22.37:695][  0]LogInit: WinSock: version 1.1 (2.2), MaxSocks=32767, MaxUdp=65467
[2016.09.09-23.22.37:848][  0]LogSlate: SlateFontCache - WITH_FREETYPE: 1, WITH_HARFBUZZ: 1
[2016.09.09-23.22.37:848][  0]LogSlate: SlateFontCache - WITH_FREETYPE: 1, WITH_HARFBUZZ: 1
[2016.09.09-23.22.38:326][  0]LogUdpMessaging: Initializing bridge on interface 0.0.0.0:0 to multicast group 230.0.0.1:6666.
[2016.09.09-23.22.38:645][  0]SourceControl: Info Source control is disabled
[2016.09.09-23.22.38:669][  0]SourceControl: Info Source control is disabled
[2016.09.09-23.22.38:678][  0]SourceControl: Info Source control is disabled
[2016.09.09-23.22.38:686][  0]SourceControl: Info Source control is disabled
[2016.09.09-23.22.38:921][  0]LogEngine: Initializing Engine...
[2016.09.09-23.22.38:937][  0]LogHMD: SteamVR initialized.  Driver: lighthouse  Display: LHR-E85C4DA3
[2016.09.09-23.22.39:039][  0]LogAIModule: Creating AISystem for world Untitled
[2016.09.09-23.22.39:045][  0]LogInit: XAudio2 using 'Speakers (USB Audio Device)' : 2 channels at 44.1 kHz using 16 bits per sample (channel mask 0x3)
[2016.09.09-23.22.39:052][  0]LogInit: FAudioDevice initialized.
[2016.09.09-23.22.39:075][  0]LogDerivedDataCache: Saved boot cache 0.02s 64MB C:/Users/gamep/AppData/Local/UnrealEngine/4.13/DerivedDataCache/Boot.ddc.
[2016.09.09-23.22.39:080][  0]LogInit: Texture streaming: Enabled
[2016.09.09-23.22.39:100][  0]LogInit: Transaction tracking system initialized
[2016.09.09-23.22.39:120][  0]BlueprintLog: New page: Editor Load
[2016.09.09-23.22.39:211][  0]LocalizationService: Info Localization service is disabled
[2016.09.09-23.22.39:274][  0]LogConsoleResponse:Display: 
[2016.09.09-23.22.39:359][  0]LogCook:Display: Max memory allowance for cook 16384mb min free memory 0mb
[2016.09.09-23.22.39:359][  0]LogCook:Display: Mobile HDR setting 0
[2016.09.09-23.22.39:488][  0]LogFileCache: Scanning file cache for directory 'C:/GitRepo/SubEarthDebug/SubEarthDebug/Content/' took 0.01s
[2016.09.09-23.22.39:488][  0]SourceControl: Info Source control is disabled
[2016.09.09-23.22.39:488][  0]Cmd: MAP LOAD FILE="../../../../../../GitRepo/SubEarthDebug/SubEarthDebug/Content/FirstPersonCPP/Maps/FirstPersonExampleMap.umap" TEMPLATE=0 SHOWPROGRESS=1 FEATURELEVEL=3
[2016.09.09-23.22.39:488][  0]LightingResults: New page: Lighting Build
[2016.09.09-23.22.39:490][  0]MapCheck: New page: Map Check
[2016.09.09-23.22.39:490][  0]LightingResults: New page: Lighting Build
[2016.09.09-23.22.39:628][  0]LogAIModule: Creating AISystem for world FirstPersonExampleMap
[2016.09.09-23.22.39:635][  0]LogEditorServer: Finished looking for orphan Actors (0.000 secs)
[2016.09.09-23.22.39:635][  0]Cmd: MAP CHECKDEP NOCLEARLOG
[2016.09.09-23.22.39:666][  0]MapCheck: Info Map check complete: 0 Error(s), 0 Warning(s), took 31.359ms to complete.
[2016.09.09-23.22.39:666][  0]LogFileHelpers: Loading map 'FirstPersonExampleMap' took 0.179
[2016.09.09-23.22.39:770][  0]LogCollectionManager: Loaded 0 collections in 0.001712 seconds
[2016.09.09-23.22.39:811][  0]LogFileCache: Scanning file cache for directory 'C:/GitRepo/SubEarthDebug/SubEarthDebug/Saved/Collections/' took 0.01s
[2016.09.09-23.22.39:811][  0]LogFileCache: Scanning file cache for directory 'C:/GitRepo/SubEarthDebug/SubEarthDebug/Content/Developers/gamep/Collections/' took 0.01s
[2016.09.09-23.22.39:811][  0]LogFileCache: Scanning file cache for directory 'C:/GitRepo/SubEarthDebug/SubEarthDebug/Content/Collections/' took 0.01s
[2016.09.09-23.22.39:811][  0]LogCollectionManager: Rebuilt the GUID cache for 0 collections in 0.000002 seconds
[2016.09.09-23.22.39:819][  0]LogContentBrowser: Native class hierarchy populated in 0.0073 seconds. Added 2145 classes and 417 folders.
[2016.09.09-23.22.39:822][  0]LogStats: UGameplayTagsManager::ConstructGameplayTagTree: Construct from data asset -  0.000 s
[2016.09.09-23.22.39:822][  0]LogStats: UGameplayTagsManager::ConstructGameplayTagTree: GameplayTagTreeChangedEvent.Broadcast -  0.000 s
[2016.09.09-23.22.39:823][  0]LogContentBrowser: Native class hierarchy updated for 'GameplayTags' in 0.0010 seconds. Added 12 classes and 0 folders.
[2016.09.09-23.22.39:828][  0]LogContentBrowser: Native class hierarchy updated for 'WidgetCarousel' in 0.0010 seconds. Added 0 classes and 0 folders.
[2016.09.09-23.22.39:856][  0]LogContentBrowser: Native class hierarchy updated for 'AddContentDialog' in 0.0010 seconds. Added 0 classes and 0 folders.
[2016.09.09-23.22.39:860][  0]LogContentBrowser: Native class hierarchy updated for 'SceneOutliner' in 0.0010 seconds. Added 1 classes and 2 folders.
[2016.09.09-23.22.39:904][  0]LogCrashTracker: Crashtracker disabled due to settings.
[2016.09.09-23.22.39:917][  0]LogUObjectGlobals:Warning: Failed to find object 'Class None.'
[2016.09.09-23.22.39:943][  0]LogContentBrowser: Native class hierarchy updated for 'HierarchicalLODOutliner' in 0.0010 seconds. Added 1 classes and 2 folders.
[2016.09.09-23.22.39:944][  0]LogLoad: (Engine Initialization) Total time: 5.30 seconds
[2016.09.09-23.22.39:944][  0]LogLoad: (Engine Initialization) Total Blueprint compile time: 0.06 seconds
[2016.09.09-23.22.39:944][  0]LogExternalProfiler: Found external profiler: VSPerf
[2016.09.09-23.22.39:944][  0]LogExternalProfiler: Using external profiler: VSPerf
[2016.09.09-23.22.39:952][  0]LogOcInput: OculusInput pre-init called
[2016.09.09-23.22.39:971][  0]LogContentStreaming: Texture pool size now 1000 MB
[2016.09.09-23.22.40:064][  1]LogAssetRegistry: Asset discovery search completed in 2.4271 seconds
[2016.09.09-23.22.40:064][  1]LogCollectionManager: Rebuilt the object cache for 0 collections in 0.000001 seconds (found 0 objects)
[2016.09.09-23.22.40:064][  1]LogCollectionManager: Fixed up redirectors for 0 collections in 0.000015 seconds (updated 0 objects)
[2016.09.09-23.22.40:085][  2]LogRenderer: Reallocating scene render targets to support 812x392 (Frame:2).
[2016.09.09-23.23.35:916][671]SourceControl: Info Source control is disabled
[2016.09.09-23.24.26:633][ 54]SourceControl: Info On branch master
[2016.09.09-23.24.26:633][ 54]SourceControl: Info Your branch is up-to-date with 'origin/master'.
[2016.09.09-23.24.26:633][ 54]SourceControl: Info Changes not staged for commit:
[2016.09.09-23.24.26:633][ 54]SourceControl: Info   (use "git add <file>..." to update what will be committed)
[2016.09.09-23.24.26:633][ 54]SourceControl: Info   (use "git checkout -- <file>..." to discard changes in working directory)
[2016.09.09-23.24.26:633][ 54]SourceControl: Info 	modified:   SubEarthDebug/Binaries/Win64/UE4Editor-SubEarthDebug.pdb
[2016.09.09-23.24.26:633][ 54]SourceControl: Info 	modified:   SubEarthDebug/Config/DefaultEngine.ini
[2016.09.09-23.24.26:633][ 54]SourceControl: Info 	modified:   SubEarthDebug/Intermediate/Build/ActionHistory.bin
[2016.09.09-23.24.26:633][ 54]SourceControl: Info 	modified:   SubEarthDebug/Intermediate/Build/BuildRules/SubEarthDebugModuleRules.pdb
[2016.09.09-23.24.26:633][ 54]SourceControl: Info 	modified:   SubEarthDebug/Intermediate/Build/BuildRules/SubEarthDebugModuleRulesSourceFiles.txt
[2016.09.09-23.24.26:633][ 54]SourceControl: Info 	modified:   SubEarthDebug/Intermediate/Build/Win64/SubEarthDebugEditor/Development/SubEarthDebugEditor.uhtmanifest
[2016.09.09-23.24.26:633][ 54]SourceControl: Info 	modified:   SubEarthDebug/Intermediate/Build/Win64/UE4Editor/Development/SubEarthDebug/PCH.SubEarthDebug.h.cpp
[2016.09.09-23.24.26:634][ 54]SourceControl: Info 	modified:   SubEarthDebug/Intermediate/Build/Win64/UE4Editor/Development/SubEarthDebug/SubEarthDebug.cpp.obj.response
[2016.09.09-23.24.26:634][ 54]SourceControl: Info 	modified:   SubEarthDebug/Intermediate/Build/Win64/UE4Editor/Development/SubEarthDebug/SubEarthDebug.generated.cpp.obj.response
[2016.09.09-23.24.26:634][ 54]SourceControl: Info 	modified:   SubEarthDebug/Intermediate/Build/Win64/UE4Editor/Development/SubEarthDebug/SubEarthDebug.h
[2016.09.09-23.24.26:634][ 54]SourceControl: Info 	modified:   SubEarthDebug/Intermediate/Build/Win64/UE4Editor/Development/SubEarthDebug/SubEarthDebug.h.pch.response
[2016.09.09-23.24.26:634][ 54]SourceControl: Info 	modified:   SubEarthDebug/Intermediate/Build/Win64/UE4Editor/Development/SubEarthDebug/SubEarthDebugCharacter.cpp.obj.response
[2016.09.09-23.24.26:634][ 54]SourceControl: Info 	modified:   SubEarthDebug/Intermediate/Build/Win64/UE4Editor/Development/SubEarthDebug/SubEarthDebugGameMode.cpp.obj.response
[2016.09.09-23.24.26:634][ 54]SourceControl: Info 	modified:   SubEarthDebug/Intermediate/Build/Win64/UE4Editor/Development/SubEarthDebug/SubEarthDebugHUD.cpp.obj.response
[2016.09.09-23.24.26:634][ 54]SourceControl: Info 	modified:   SubEarthDebug/Intermediate/Build/Win64/UE4Editor/Development/SubEarthDebug/SubEarthDebugProjectile.cpp.obj.response
[2016.09.09-23.24.26:634][ 54]SourceControl: Info 	modified:   SubEarthDebug/Intermediate/Build/Win64/UE4Editor/Development/UE4Editor-SubEarthDebug.dll.response
[2016.09.09-23.24.26:634][ 54]SourceControl: Info 	modified:   SubEarthDebug/Intermediate/Build/Win64/UE4Editor/Development/UE4Editor-SubEarthDebug.exp
[2016.09.09-23.24.26:634][ 54]SourceControl: Info 	modified:   SubEarthDebug/Intermediate/Build/Win64/UE4Editor/Inc/SubEarthDebug/Timestamp
[2016.09.09-23.24.26:634][ 54]SourceControl: Info 	modified:   SubEarthDebug/Intermediate/CachedAssetRegistry.bin
[2016.09.09-23.24.26:634][ 54]SourceControl: Info 	modified:   SubEarthDebug/Intermediate/Config/CoalescedSourceConfigs/Engine.ini
[2016.09.09-23.24.26:634][ 54]SourceControl: Info 	modified:   SubEarthDebug/Saved/Config/Windows/EditorPerProjectUserSettings.ini
[2016.09.09-23.24.26:634][ 54]SourceControl: Info 	modified:   SubEarthDebug/Saved/Config/Windows/Engine.ini
[2016.09.09-23.24.26:634][ 54]SourceControl: Info 	modified:   SubEarthDebug/Saved/Config/Windows/SourceControlSettings.ini
[2016.09.09-23.24.26:634][ 54]SourceControl: Info 	modified:   SubEarthDebug/Saved/Logs/SubEarthDebug.log
[2016.09.09-23.24.26:634][ 54]SourceControl: Info Untracked files:
[2016.09.09-23.24.26:634][ 54]SourceControl: Info   (use "git add <file>..." to include in what will be committed)
[2016.09.09-23.24.26:634][ 54]SourceControl: Info 	SubEarthDebug/Intermediate/Build/Win64/SubEarthDebugEditor/DependencyCache.bin.buildmutex
[2016.09.09-23.24.26:634][ 54]SourceControl: Info 	SubEarthDebug/Saved/AutoScreenshot.png
[2016.09.09-23.24.26:634][ 54]SourceControl: Info 	SubEarthDebug/Saved/Autosaves/
[2016.09.09-23.24.26:634][ 54]SourceControl: Info 	SubEarthDebug/Saved/Logs/SubEarthDebug-backup-2016.09.09-16.06.37.log
[2016.09.09-23.24.26:634][ 54]SourceControl: Info 	SubEarthDebug/Saved/Logs/SubEarthDebug-backup-2016.09.09-16.22.35.log
[2016.09.09-23.24.26:634][ 54]SourceControl: Info 	SubEarthDebug/Saved/Logs/UE4CC-Windows-2C7EEB9048ABC1AC7C3DD2BF1E059AE6/
[2016.09.09-23.24.26:634][ 54]SourceControl: Info 	SubEarthDebug/Saved/Logs/UE4CC-Windows-EC36342D4A5F606739B1EEA8EB1AC7C1/
[2016.09.09-23.24.26:634][ 54]SourceControl: Info no changes added to commit (use "git add" and/or "git commit -a")
[2016.09.09-23.25.06:784][116]LogRenderer: Reallocating scene render targets to support 1216x616 (Frame:3952).
[2016.09.09-23.26.28:840][712]Cmd: MAP LOAD FILE="../../../Engine/Content/Maps/Templates/Template_Default.umap" TEMPLATE=1 SHOWPROGRESS=1 FEATURELEVEL=3
[2016.09.09-23.26.28:868][712]LightingResults: New page: Lighting Build
[2016.09.09-23.26.28:869][712]LoadErrors: New page: Loading map: Template_Default.umap
[2016.09.09-23.26.28:872][712]MapCheck: New page: Map Check
[2016.09.09-23.26.28:872][712]LightingResults: New page: Lighting Build
[2016.09.09-23.26.28:897][712]LogAIModule: Creating AISystem for world Untitled_1
[2016.09.09-23.26.28:930][712]LogEditorServer: Finished looking for orphan Actors (0.000 secs)
[2016.09.09-23.26.28:937][712]Cmd: MAP CHECKDEP NOCLEARLOG
[2016.09.09-23.26.28:969][712]MapCheck: Info Map check complete: 0 Error(s), 0 Warning(s), took 32.375ms to complete.
[2016.09.09-23.26.28:970][712]LogFileHelpers: Loading map 'Template_Default' took 0.130
[2016.09.09-23.26.33:589][255]SourceControl:Error: Error fatal: Could not switch to '/Temp/': No such file or directory
[2016.09.09-23.26.41:755][255]Cmd: OBJ SAVEPACKAGE PACKAGE="/Game/HelloWorld" FILE="../../../../../../GitRepo/SubEarthDebug/SubEarthDebug/Content/HelloWorld.umap" SILENT=true AUTOSAVING=false KEEPDIRTY=false
[2016.09.09-23.26.41:781][255]LogSavePackage: Save=17.55ms
[2016.09.09-23.26.41:781][255]LogSavePackage: Moving '../../../../../../GitRepo/SubEarthDebug/SubEarthDebug/Saved/HelloWorldB8BBA9144FC862D3A51D8480783876B0.tmp' to '../../../../../../GitRepo/SubEarthDebug/SubEarthDebug/Content/HelloWorld.umap'
[2016.09.09-23.26.41:782][255]LogSavePackage:Display: Finished SavePackage ../../../../../../GitRepo/SubEarthDebug/SubEarthDebug/Content/HelloWorld.umap
[2016.09.09-23.26.41:891][255]LogFileHelpers: Saving map 'HelloWorld' took 0.718
[2016.09.09-23.26.41:954][263]SourceControl:Error: Error fatal: Could not switch to '/Temp/': No such file or directory
[2016.09.09-23.29.01:092][427]LogAIModule: Creating AISystem for world FirstPersonExampleMap
[2016.09.09-23.29.03:116][639]SourceControl: Info On branch master
[2016.09.09-23.29.03:116][639]SourceControl: Info Your branch is up-to-date with 'origin/master'.
[2016.09.09-23.29.03:116][639]SourceControl: Info Changes to be committed:
[2016.09.09-23.29.03:116][639]SourceControl: Info   (use "git reset HEAD <file>..." to unstage)
[2016.09.09-23.29.03:116][639]SourceControl: Info 	new file:   SubEarthDebug/Content/HelloWorld.umap
[2016.09.09-23.29.03:116][639]SourceControl: Info Changes not staged for commit:
[2016.09.09-23.29.03:116][639]SourceControl: Info   (use "git add <file>..." to update what will be committed)
[2016.09.09-23.29.03:116][639]SourceControl: Info   (use "git checkout -- <file>..." to discard changes in working directory)
[2016.09.09-23.29.03:116][639]SourceControl: Info 	modified:   SubEarthDebug/Binaries/Win64/UE4Editor-SubEarthDebug.pdb
[2016.09.09-23.29.03:116][639]SourceControl: Info 	modified:   SubEarthDebug/Config/DefaultEngine.ini
[2016.09.09-23.29.03:116][639]SourceControl: Info 	modified:   SubEarthDebug/Intermediate/Build/ActionHistory.bin
[2016.09.09-23.29.03:116][639]SourceControl: Info 	modified:   SubEarthDebug/Intermediate/Build/BuildRules/SubEarthDebugModuleRules.pdb
[2016.09.09-23.29.03:116][639]SourceControl: Info 	modified:   SubEarthDebug/Intermediate/Build/BuildRules/SubEarthDebugModuleRulesSourceFiles.txt
[2016.09.09-23.29.03:116][639]SourceControl: Info 	modified:   SubEarthDebug/Intermediate/Build/Win64/SubEarthDebugEditor/Development/SubEarthDebugEditor.uhtmanifest
[2016.09.09-23.29.03:116][639]SourceControl: Info 	modified:   SubEarthDebug/Intermediate/Build/Win64/UE4Editor/Development/SubEarthDebug/PCH.SubEarthDebug.h.cpp
[2016.09.09-23.29.03:116][639]SourceControl: Info 	modified:   SubEarthDebug/Intermediate/Build/Win64/UE4Editor/Development/SubEarthDebug/SubEarthDebug.cpp.obj.response
[2016.09.09-23.29.03:116][639]SourceControl: Info 	modified:   SubEarthDebug/Intermediate/Build/Win64/UE4Editor/Development/SubEarthDebug/SubEarthDebug.generated.cpp.obj.response
[2016.09.09-23.29.03:116][639]SourceControl: Info 	modified:   SubEarthDebug/Intermediate/Build/Win64/UE4Editor/Development/SubEarthDebug/SubEarthDebug.h
[2016.09.09-23.29.03:116][639]SourceControl: Info 	modified:   SubEarthDebug/Intermediate/Build/Win64/UE4Editor/Development/SubEarthDebug/SubEarthDebug.h.pch.response
[2016.09.09-23.29.03:116][639]SourceControl: Info 	modified:   SubEarthDebug/Intermediate/Build/Win64/UE4Editor/Development/SubEarthDebug/SubEarthDebugCharacter.cpp.obj.response
[2016.09.09-23.29.03:116][639]SourceControl: Info 	modified:   SubEarthDebug/Intermediate/Build/Win64/UE4Editor/Development/SubEarthDebug/SubEarthDebugGameMode.cpp.obj.response
[2016.09.09-23.29.03:116][639]SourceControl: Info 	modified:   SubEarthDebug/Intermediate/Build/Win64/UE4Editor/Development/SubEarthDebug/SubEarthDebugHUD.cpp.obj.response
[2016.09.09-23.29.03:116][639]SourceControl: Info 	modified:   SubEarthDebug/Intermediate/Build/Win64/UE4Editor/Development/SubEarthDebug/SubEarthDebugProjectile.cpp.obj.response
[2016.09.09-23.29.03:116][639]SourceControl: Info 	modified:   SubEarthDebug/Intermediate/Build/Win64/UE4Editor/Development/UE4Editor-SubEarthDebug.dll.response
[2016.09.09-23.29.03:116][639]SourceControl: Info 	modified:   SubEarthDebug/Intermediate/Build/Win64/UE4Editor/Development/UE4Editor-SubEarthDebug.exp
[2016.09.09-23.29.03:116][639]SourceControl: Info 	modified:   SubEarthDebug/Intermediate/Build/Win64/UE4Editor/Inc/SubEarthDebug/Timestamp
[2016.09.09-23.29.03:116][639]SourceControl: Info 	modified:   SubEarthDebug/Intermediate/CachedAssetRegistry.bin
[2016.09.09-23.29.03:116][639]SourceControl: Info 	modified:   SubEarthDebug/Intermediate/Config/CoalescedSourceConfigs/Engine.ini
[2016.09.09-23.29.03:116][639]SourceControl: Info 	modified:   SubEarthDebug/Saved/Config/Windows/EditorPerProjectUserSettings.ini
[2016.09.09-23.29.03:116][639]SourceControl: Info 	modified:   SubEarthDebug/Saved/Config/Windows/Engine.ini
[2016.09.09-23.29.03:116][639]SourceControl: Info 	modified:   SubEarthDebug/Saved/Config/Windows/SourceControlSettings.ini
[2016.09.09-23.29.03:116][639]SourceControl: Info 	modified:   SubEarthDebug/Saved/Logs/SubEarthDebug.log
[2016.09.09-23.29.03:116][639]SourceControl: Info Untracked files:
[2016.09.09-23.29.03:116][639]SourceControl: Info   (use "git add <file>..." to include in what will be committed)
[2016.09.09-23.29.03:116][639]SourceControl: Info 	SubEarthDebug/Intermediate/Build/Win64/SubEarthDebugEditor/DependencyCache.bin.buildmutex
[2016.09.09-23.29.03:116][639]SourceControl: Info 	SubEarthDebug/Saved/AutoScreenshot.png
[2016.09.09-23.29.03:116][639]SourceControl: Info 	SubEarthDebug/Saved/Autosaves/
[2016.09.09-23.29.03:116][639]SourceControl: Info 	SubEarthDebug/Saved/Config/WorldState/
[2016.09.09-23.29.03:116][639]SourceControl: Info 	SubEarthDebug/Saved/Logs/SubEarthDebug-backup-2016.09.09-16.06.37.log
[2016.09.09-23.29.03:116][639]SourceControl: Info 	SubEarthDebug/Saved/Logs/SubEarthDebug-backup-2016.09.09-16.22.35.log
[2016.09.09-23.29.03:116][639]SourceControl: Info 	SubEarthDebug/Saved/Logs/UE4CC-Windows-2C7EEB9048ABC1AC7C3DD2BF1E059AE6/
[2016.09.09-23.29.03:116][639]SourceControl: Info 	SubEarthDebug/Saved/Logs/UE4CC-Windows-EC36342D4A5F606739B1EEA8EB1AC7C1/
[2016.09.09-23.29.03:770][639]LogSpawn:Warning: UWorld::DestroyActor: World has no context! World: FirstPersonExampleMap, Actor: /Game/Maps/FirstPersonExampleMap.FirstPersonExampleMap:PersistentLevel.FirstPersonExampleMap_C_1
[2016.09.09-23.29.03:801][639]LogMetaData: Removing '/Game/Maps/FirstPersonExampleMap.FirstPersonExampleMap_C' ref from Metadata '/Game/FirstPersonCPP/Maps/FirstPersonExampleMap.PackageMetaData'
[2016.09.09-23.29.03:801][639]LogMetaData: Removing '/Game/Maps/FirstPersonExampleMap.SKEL_FirstPersonExampleMap_C' ref from Metadata '/Game/FirstPersonCPP/Maps/FirstPersonExampleMap.PackageMetaData'
[2016.09.09-23.29.03:869][639]LogSpawn:Warning: UWorld::DestroyActor: World has no context! World: FirstPersonExampleMap, Actor: /Game/Maps/FirstPersonExampleMap.FirstPersonExampleMap:PersistentLevel.FirstPersonExampleMap_C_0
[2016.09.09-23.29.04:908][639]LogSavePackage: Save=1039.18ms
[2016.09.09-23.29.04:908][639]LogSavePackage: Moving '../../../../../../GitRepo/SubEarthDebug/SubEarthDebug/Saved/FirstPersonExampleMap1C8389604D4EC2967B94439E87346E5A.tmp' to '../../../../../../GitRepo/SubEarthDebug/SubEarthDebug/Content/Maps/FirstPersonExampleMap.umap'
[2016.09.09-23.29.04:910][639]LogSavePackage:Display: Finished SavePackage ../../../../../../GitRepo/SubEarthDebug/SubEarthDebug/Content/Maps/FirstPersonExampleMap.umap
[2016.09.09-23.29.05:673][639]LogFileHelpers: Saving map 'FirstPersonExampleMap' took 1.850
[2016.09.09-23.29.05:690][639]LogSavePackage: Save=3.57ms
[2016.09.09-23.29.05:690][639]LogSavePackage: Moving '../../../../../../GitRepo/SubEarthDebug/SubEarthDebug/Saved/FirstPersonExampleMap9CD1C8B0475900F99D62AC9FA067A20B.tmp' to '../../../../../../GitRepo/SubEarthDebug/SubEarthDebug/Content/FirstPersonCPP/Maps/FirstPersonExampleMap.umap'
[2016.09.09-23.29.05:693][639]LogSavePackage:Display: Finished SavePackage ../../../../../../GitRepo/SubEarthDebug/SubEarthDebug/Content/FirstPersonCPP/Maps/FirstPersonExampleMap.umap
[2016.09.09-23.29.38:268][470]SourceControl: Info On branch master
[2016.09.09-23.29.38:268][470]SourceControl: Info Your branch is up-to-date with 'origin/master'.
[2016.09.09-23.29.38:268][470]SourceControl: Info Changes to be committed:
[2016.09.09-23.29.38:268][470]SourceControl: Info   (use "git reset HEAD <file>..." to unstage)
[2016.09.09-23.29.38:268][470]SourceControl: Info 	modified:   SubEarthDebug/Content/FirstPersonCPP/Maps/FirstPersonExampleMap.umap
[2016.09.09-23.29.38:268][470]SourceControl: Info 	new file:   SubEarthDebug/Content/HelloWorld.umap
[2016.09.09-23.29.38:268][470]SourceControl: Info 	copied:     SubEarthDebug/Content/FirstPersonCPP/Maps/FirstPersonExampleMap.umap -> SubEarthDebug/Content/Maps/FirstPersonExampleMap.umap
[2016.09.09-23.29.38:268][470]SourceControl: Info Changes not staged for commit:
[2016.09.09-23.29.38:268][470]SourceControl: Info   (use "git add <file>..." to update what will be committed)
[2016.09.09-23.29.38:268][470]SourceControl: Info   (use "git checkout -- <file>..." to discard changes in working directory)
[2016.09.09-23.29.38:268][470]SourceControl: Info 	modified:   SubEarthDebug/Binaries/Win64/UE4Editor-SubEarthDebug.pdb
[2016.09.09-23.29.38:268][470]SourceControl: Info 	modified:   SubEarthDebug/Config/DefaultEngine.ini
[2016.09.09-23.29.38:268][470]SourceControl: Info 	modified:   SubEarthDebug/Intermediate/Build/ActionHistory.bin
[2016.09.09-23.29.38:268][470]SourceControl: Info 	modified:   SubEarthDebug/Intermediate/Build/BuildRules/SubEarthDebugModuleRules.pdb
[2016.09.09-23.29.38:268][470]SourceControl: Info 	modified:   SubEarthDebug/Intermediate/Build/BuildRules/SubEarthDebugModuleRulesSourceFiles.txt
[2016.09.09-23.29.38:268][470]SourceControl: Info 	modified:   SubEarthDebug/Intermediate/Build/Win64/SubEarthDebugEditor/Development/SubEarthDebugEditor.uhtmanifest
[2016.09.09-23.29.38:268][470]SourceControl: Info 	modified:   SubEarthDebug/Intermediate/Build/Win64/UE4Editor/Development/SubEarthDebug/PCH.SubEarthDebug.h.cpp
[2016.09.09-23.29.38:268][470]SourceControl: Info 	modified:   SubEarthDebug/Intermediate/Build/Win64/UE4Editor/Development/SubEarthDebug/SubEarthDebug.cpp.obj.response
[2016.09.09-23.29.38:268][470]SourceControl: Info 	modified:   SubEarthDebug/Intermediate/Build/Win64/UE4Editor/Development/SubEarthDebug/SubEarthDebug.generated.cpp.obj.response
[2016.09.09-23.29.38:268][470]SourceControl: Info 	modified:   SubEarthDebug/Intermediate/Build/Win64/UE4Editor/Development/SubEarthDebug/SubEarthDebug.h
[2016.09.09-23.29.38:268][470]SourceControl: Info 	modified:   SubEarthDebug/Intermediate/Build/Win64/UE4Editor/Development/SubEarthDebug/SubEarthDebug.h.pch.response
[2016.09.09-23.29.38:268][470]SourceControl: Info 	modified:   SubEarthDebug/Intermediate/Build/Win64/UE4Editor/Development/SubEarthDebug/SubEarthDebugCharacter.cpp.obj.response
[2016.09.09-23.29.38:268][470]SourceControl: Info 	modified:   SubEarthDebug/Intermediate/Build/Win64/UE4Editor/Development/SubEarthDebug/SubEarthDebugGameMode.cpp.obj.response
[2016.09.09-23.29.38:268][470]SourceControl: Info 	modified:   SubEarthDebug/Intermediate/Build/Win64/UE4Editor/Development/SubEarthDebug/SubEarthDebugHUD.cpp.obj.response
[2016.09.09-23.29.38:268][470]SourceControl: Info 	modified:   SubEarthDebug/Intermediate/Build/Win64/UE4Editor/Development/SubEarthDebug/SubEarthDebugProjectile.cpp.obj.response
[2016.09.09-23.29.38:268][470]SourceControl: Info 	modified:   SubEarthDebug/Intermediate/Build/Win64/UE4Editor/Development/UE4Editor-SubEarthDebug.dll.response
[2016.09.09-23.29.38:268][470]SourceControl: Info 	modified:   SubEarthDebug/Intermediate/Build/Win64/UE4Editor/Development/UE4Editor-SubEarthDebug.exp
[2016.09.09-23.29.38:268][470]SourceControl: Info 	modified:   SubEarthDebug/Intermediate/Build/Win64/UE4Editor/Inc/SubEarthDebug/Timestamp
[2016.09.09-23.29.38:268][470]SourceControl: Info 	modified:   SubEarthDebug/Intermediate/CachedAssetRegistry.bin
[2016.09.09-23.29.38:268][470]SourceControl: Info 	modified:   SubEarthDebug/Intermediate/Config/CoalescedSourceConfigs/Engine.ini
[2016.09.09-23.29.38:268][470]SourceControl: Info 	modified:   SubEarthDebug/Saved/Config/Windows/EditorPerProjectUserSettings.ini
[2016.09.09-23.29.38:268][470]SourceControl: Info 	modified:   SubEarthDebug/Saved/Config/Windows/Engine.ini
[2016.09.09-23.29.38:268][470]SourceControl: Info 	modified:   SubEarthDebug/Saved/Config/Windows/SourceControlSettings.ini
[2016.09.09-23.29.38:268][470]SourceControl: Info 	modified:   SubEarthDebug/Saved/Logs/SubEarthDebug.log
[2016.09.09-23.29.38:268][470]SourceControl: Info Untracked files:
[2016.09.09-23.29.38:268][470]SourceControl: Info   (use "git add <file>..." to include in what will be committed)
[2016.09.09-23.29.38:268][470]SourceControl: Info 	SubEarthDebug/Intermediate/Build/Win64/SubEarthDebugEditor/DependencyCache.bin.buildmutex
[2016.09.09-23.29.38:268][470]SourceControl: Info 	SubEarthDebug/Saved/AutoScreenshot.png
[2016.09.09-23.29.38:268][470]SourceControl: Info 	SubEarthDebug/Saved/Autosaves/
[2016.09.09-23.29.38:268][470]SourceControl: Info 	SubEarthDebug/Saved/Backup/
[2016.09.09-23.29.38:268][470]SourceControl: Info 	SubEarthDebug/Saved/Config/WorldState/
[2016.09.09-23.29.38:268][470]SourceControl: Info 	SubEarthDebug/Saved/Logs/SubEarthDebug-backup-2016.09.09-16.06.37.log
[2016.09.09-23.29.38:268][470]SourceControl: Info 	SubEarthDebug/Saved/Logs/SubEarthDebug-backup-2016.09.09-16.22.35.log
[2016.09.09-23.29.38:268][470]SourceControl: Info 	SubEarthDebug/Saved/Logs/UE4CC-Windows-2C7EEB9048ABC1AC7C3DD2BF1E059AE6/
[2016.09.09-23.29.38:268][470]SourceControl: Info 	SubEarthDebug/Saved/Logs/UE4CC-Windows-EC36342D4A5F606739B1EEA8EB1AC7C1/
[2016.09.09-23.29.38:507][470]Cmd: OBJ SAVEPACKAGE PACKAGE="/Game/Maps/HelloWorld" FILE="../../../../../../GitRepo/SubEarthDebug/SubEarthDebug/Content/Maps/HelloWorld.umap" SILENT=true AUTOSAVING=false KEEPDIRTY=false
[2016.09.09-23.29.38:531][470]LogSavePackage: Save=17.81ms
[2016.09.09-23.29.38:531][470]LogSavePackage: Moving '../../../../../../GitRepo/SubEarthDebug/SubEarthDebug/Saved/HelloWorldA851EE9148832F4EBC7193AF7A9AF34A.tmp' to '../../../../../../GitRepo/SubEarthDebug/SubEarthDebug/Content/Maps/HelloWorld.umap'
[2016.09.09-23.29.38:533][470]LogSavePackage:Display: Finished SavePackage ../../../../../../GitRepo/SubEarthDebug/SubEarthDebug/Content/Maps/HelloWorld.umap
[2016.09.09-23.29.38:632][470]LogFileHelpers: Saving map 'HelloWorld' took 0.159
[2016.09.09-23.29.39:019][470]SourceControl:Error: Error error: pathspec 'C:/GitRepo/SubEarthDebug/SubEarthDebug/Content/HelloWorld.umap' did not match any file(s) known to git.
[2016.09.09-23.30.34:126][ 31]SourceControl: Info fatal: C:/Program Files (x86)/Epic Games/4.13/Engine/Content/: 'C:/Program Files (x86)/Epic Games/4.13/Engine/Content/' is outside repository
[2016.09.09-23.30.37:237][ 31]LogSpawn:Warning: UWorld::DestroyActor: World has no context! World: FirstPersonExampleMap, Actor: /Game/Maps/FirstPersonExampleMap.FirstPersonExampleMap:PersistentLevel.FirstPersonExampleMap_C_1
[2016.09.09-23.30.38:280][ 31]LogSavePackage: Save=1044.36ms
[2016.09.09-23.30.38:280][ 31]LogSavePackage: Moving '../../../../../../GitRepo/SubEarthDebug/SubEarthDebug/Saved/FirstPersonExampleMap93FC22994DC5FBAFD516E9B6A187CC48.tmp' to '../../../../../../GitRepo/SubEarthDebug/SubEarthDebug/Content/Maps/FirstPersonExampleMap.umap'
[2016.09.09-23.30.38:283][ 31]LogSavePackage:Display: Finished SavePackage ../../../../../../GitRepo/SubEarthDebug/SubEarthDebug/